#
# There is insufficient memory for the Java Runtime Environment to continue.
# Native memory allocation (malloc) failed to allocate 1019760 bytes for Chunk::new
# Possible reasons:
#   The system is out of physical RAM or swap space
#   The process is running with CompressedOops enabled, and the Java Heap may be blocking the growth of the native heap
# Possible solutions:
#   Reduce memory load on the system
#   Increase physical memory or swap space
#   Check if swap backing store is full
#   Decrease Java heap size (-Xmx/-Xms)
#   Decrease number of Java threads
#   Decrease Java thread stack sizes (-Xss)
#   Set larger code cache with -XX:ReservedCodeCacheSize=
#   JVM is running with Unscaled Compressed Oops mode in which the Java heap is
#     placed in the first 4GB address space. The Java Heap base address is the
#     maximum limit for the native heap growth. Please use -XX:HeapBaseMinAddress
#     to set the Java Heap base and to place the Java Heap above 4GB virtual address.
# This output file may be truncated or incomplete.
#
#  Out of Memory Error (arena.cpp:195), pid=115992, tid=115984
#
# JRE version: OpenJDK Runtime Environment (16.0.2+7) (build 16.0.2+7-67)
# Java VM: OpenJDK 64-Bit Server VM (16.0.2+7-67, mixed mode, sharing, tiered, compressed oops, compressed class ptrs, g1 gc, windows-amd64)
# No core dump will be written. Minidumps are not enabled by default on client versions of Windows
#

---------------  S U M M A R Y ------------

Command Line: --add-opens=java.base/java.util=ALL-UNNAMED --add-opens=java.base/java.lang=ALL-UNNAMED --add-opens=java.base/java.lang.invoke=ALL-UNNAMED --add-opens=java.base/java.util=ALL-UNNAMED --add-opens=java.prefs/java.util.prefs=ALL-UNNAMED --add-opens=java.prefs/java.util.prefs=ALL-UNNAMED --add-opens=java.base/java.nio.charset=ALL-UNNAMED --add-opens=java.base/java.net=ALL-UNNAMED --add-opens=java.base/java.util.concurrent.atomic=ALL-UNNAMED -Xmx2048m -Dfile.encoding=UTF-8 -Duser.country=BR -Duser.language=pt -Duser.variant org.gradle.launcher.daemon.bootstrap.GradleDaemon 7.0.2

Host: 11th Gen Intel(R) Core(TM) i5-1135G7 @ 2.40GHz, 8 cores, 7G,  Windows 10 , 64 bit Build 22000 (10.0.22000.675)
Time: Mon May 23 13:15:58 2022 Hora oficial do Brasil elapsed time: 64.490530 seconds (0d 0h 1m 4s)

---------------  T H R E A D  ---------------

Current thread (0x00000166e5cff330):  JavaThread "C2 CompilerThread0" daemon [_thread_in_native, id=115984, stack(0x0000001d87300000,0x0000001d87400000)]


Current CompileTask:
C2:  64490 14249       4       org.gradle.api.internal.changedetection.state.SplitFileHasher::hash (44 bytes)

Stack: [0x0000001d87300000,0x0000001d87400000]
Native frames: (J=compiled Java code, j=interpreted, Vv=VM code, C=native code)
V  [jvm.dll+0x6681ca]
V  [jvm.dll+0x7c9e69]
V  [jvm.dll+0x7cb61e]
V  [jvm.dll+0x7cbc73]
V  [jvm.dll+0x242c55]
V  [jvm.dll+0xadeba]
V  [jvm.dll+0xae45c]
V  [jvm.dll+0x35a8d7]
V  [jvm.dll+0x324de1]
V  [jvm.dll+0x32428a]
V  [jvm.dll+0x215cec]
V  [jvm.dll+0x215100]
V  [jvm.dll+0x1a1beb]
V  [jvm.dll+0x225158]
V  [jvm.dll+0x22319c]
V  [jvm.dll+0x77fa62]
V  [jvm.dll+0x7795aa]
V  [jvm.dll+0x667066]
C  [ucrtbase.dll+0x26c0c]
C  [KERNEL32.DLL+0x154e0]
C  [ntdll.dll+0x485b]


---------------  P R O C E S S  ---------------

Threads class SMR info:
_java_thread_list=0x00000166e8e770c0, length=65, elements={
0x00000166c7c60bc0, 0x00000166e5ce7990, 0x00000166e5ce8590, 0x00000166e5cf6810,
0x00000166e5cfb140, 0x00000166e5cfbb40, 0x00000166e5cfe550, 0x00000166e5cff330,
0x00000166e5cffe20, 0x00000166e5d14520, 0x00000166e68e4700, 0x00000166e68e5c60,
0x00000166e76f5400, 0x00000166e68aac80, 0x00000166e6896120, 0x00000166e74c5860,
0x00000166e7531060, 0x00000166e7530b10, 0x00000166e75315b0, 0x00000166e7532af0,
0x00000166e752fb20, 0x00000166e7530070, 0x00000166e886e980, 0x00000166e886a9c0,
0x00000166e886a470, 0x00000166e886af10, 0x00000166e886d990, 0x00000166e886e430,
0x00000166e8869480, 0x00000166e886bf00, 0x00000166e886fec0, 0x00000166e886c450,
0x00000166e8705900, 0x00000166e8704910, 0x00000166e87068f0, 0x00000166e8706e40,
0x00000166e87078e0, 0x00000166e8709370, 0x00000166e8709e10, 0x00000166e870a8b0,
0x00000166e8707e30, 0x00000166e8702e80, 0x00000166e87033d0, 0x00000166e8703920,
0x00000166e8703e70, 0x00000166e886eed0, 0x00000166e886b460, 0x00000166e886cef0,
0x00000166e886c9a0, 0x00000166e886b9b0, 0x00000166e8869f20, 0x00000166e886f970,
0x00000166e886d440, 0x00000166e8870410, 0x00000166e88699d0, 0x00000166e886dee0,
0x00000166e7531b00, 0x00000166e7532050, 0x00000166e75305c0, 0x00000166e7533040,
0x00000166e75325a0, 0x00000166ef436020, 0x00000166ef438550, 0x00000166ef433af0,
0x00000166ef434590
}

Java Threads: ( => current thread )
  0x00000166c7c60bc0 JavaThread "main" [_thread_blocked, id=105164, stack(0x0000001d86600000,0x0000001d86700000)]
  0x00000166e5ce7990 JavaThread "Reference Handler" daemon [_thread_blocked, id=118788, stack(0x0000001d86d00000,0x0000001d86e00000)]
  0x00000166e5ce8590 JavaThread "Finalizer" daemon [_thread_blocked, id=119180, stack(0x0000001d86e00000,0x0000001d86f00000)]
  0x00000166e5cf6810 JavaThread "Signal Dispatcher" daemon [_thread_blocked, id=78820, stack(0x0000001d86f00000,0x0000001d87000000)]
  0x00000166e5cfb140 JavaThread "Attach Listener" daemon [_thread_blocked, id=118920, stack(0x0000001d87000000,0x0000001d87100000)]
  0x00000166e5cfbb40 JavaThread "Service Thread" daemon [_thread_blocked, id=115300, stack(0x0000001d87100000,0x0000001d87200000)]
  0x00000166e5cfe550 JavaThread "Monitor Deflation Thread" daemon [_thread_blocked, id=116004, stack(0x0000001d87200000,0x0000001d87300000)]
=>0x00000166e5cff330 JavaThread "C2 CompilerThread0" daemon [_thread_in_native, id=115984, stack(0x0000001d87300000,0x0000001d87400000)]
  0x00000166e5cffe20 JavaThread "C1 CompilerThread0" daemon [_thread_blocked, id=99676, stack(0x0000001d87400000,0x0000001d87500000)]
  0x00000166e5d14520 JavaThread "Sweeper thread" daemon [_thread_blocked, id=117976, stack(0x0000001d87500000,0x0000001d87600000)]
  0x00000166e68e4700 JavaThread "Common-Cleaner" daemon [_thread_blocked, id=118084, stack(0x0000001d87600000,0x0000001d87700000)]
  0x00000166e68e5c60 JavaThread "Notification Thread" daemon [_thread_blocked, id=119368, stack(0x0000001d87700000,0x0000001d87800000)]
  0x00000166e76f5400 JavaThread "Daemon health stats" [_thread_blocked, id=115304, stack(0x0000001d87e00000,0x0000001d87f00000)]
  0x00000166e68aac80 JavaThread "Incoming local TCP Connector on port 60566" [_thread_in_native, id=71848, stack(0x0000001d87f00000,0x0000001d88000000)]
  0x00000166e6896120 JavaThread "Daemon periodic checks" [_thread_blocked, id=117400, stack(0x0000001d88000000,0x0000001d88100000)]
  0x00000166e74c5860 JavaThread "Daemon" [_thread_blocked, id=119416, stack(0x0000001d88100000,0x0000001d88200000)]
  0x00000166e7531060 JavaThread "Daemon worker" [_thread_blocked, id=113456, stack(0x0000001d88400000,0x0000001d88500000)]
  0x00000166e7530b10 JavaThread "Cache worker for file hash cache (C:\Users\55119\.gradle\caches\7.0.2\fileHashes)" [_thread_blocked, id=116780, stack(0x0000001d88800000,0x0000001d88900000)]
  0x00000166e75315b0 JavaThread "File lock request listener" [_thread_in_native, id=114904, stack(0x0000001d88900000,0x0000001d88a00000)]
  0x00000166e7532af0 JavaThread "Cache worker for journal cache (C:\Users\55119\.gradle\caches\journal-1)" [_thread_blocked, id=119636, stack(0x0000001d88a00000,0x0000001d88b00000)]
  0x00000166e752fb20 JavaThread "File watcher server" daemon [_thread_in_native, id=118880, stack(0x0000001d88e00000,0x0000001d88f00000)]
  0x00000166e7530070 JavaThread "File watcher consumer" daemon [_thread_blocked, id=118944, stack(0x0000001d88f00000,0x0000001d89000000)]
  0x00000166e886e980 JavaThread "Cache worker for execution history cache (C:\Users\55119\.gradle\caches\7.0.2\executionHistory)" [_thread_blocked, id=87940, stack(0x0000001d89300000,0x0000001d89400000)]
  0x00000166e886a9c0 JavaThread "jar transforms" [_thread_blocked, id=119168, stack(0x0000001d89500000,0x0000001d89600000)]
  0x00000166e886a470 JavaThread "jar transforms Thread 2" [_thread_blocked, id=114592, stack(0x0000001d89600000,0x0000001d89700000)]
  0x00000166e886af10 JavaThread "Cache worker for file content cache (C:\Users\55119\.gradle\caches\7.0.2\fileContent)" [_thread_blocked, id=104768, stack(0x0000001d89700000,0x0000001d89800000)]
  0x00000166e886d990 JavaThread "jar transforms Thread 3" [_thread_blocked, id=118388, stack(0x0000001d89900000,0x0000001d89a00000)]
  0x00000166e886e430 JavaThread "jar transforms Thread 4" [_thread_blocked, id=118896, stack(0x0000001d8a300000,0x0000001d8a400000)]
  0x00000166e8869480 JavaThread "jar transforms Thread 5" [_thread_blocked, id=119616, stack(0x0000001d8a400000,0x0000001d8a500000)]
  0x00000166e886bf00 JavaThread "jar transforms Thread 6" [_thread_blocked, id=116376, stack(0x0000001d8a500000,0x0000001d8a600000)]
  0x00000166e886fec0 JavaThread "jar transforms Thread 7" [_thread_blocked, id=119456, stack(0x0000001d8a600000,0x0000001d8a700000)]
  0x00000166e886c450 JavaThread "jar transforms Thread 8" [_thread_blocked, id=102220, stack(0x0000001d8a700000,0x0000001d8a800000)]
  0x00000166e8705900 JavaThread "Memory manager" [_thread_blocked, id=108804, stack(0x0000001d8a800000,0x0000001d8a900000)]
  0x00000166e8704910 JavaThread "pool-3-thread-1" [_thread_blocked, id=101100, stack(0x0000001d8ab00000,0x0000001d8ac00000)]
  0x00000166e87068f0 JavaThread "Handler for socket connection from /127.0.0.1:60566 to /127.0.0.1:60575" [_thread_in_native, id=115008, stack(0x0000001d86300000,0x0000001d86400000)]
  0x00000166e8706e40 JavaThread "Cancel handler" [_thread_blocked, id=114228, stack(0x0000001d86400000,0x0000001d86500000)]
  0x00000166e87078e0 JavaThread "Asynchronous log dispatcher for DefaultDaemonConnection: socket connection from /127.0.0.1:60566 to /127.0.0.1:60575" [_thread_blocked, id=110380, stack(0x0000001d86500000,0x0000001d86600000)]
  0x00000166e8709370 JavaThread "Stdin handler" [_thread_blocked, id=116876, stack(0x0000001d88500000,0x0000001d88600000)]
  0x00000166e8709e10 JavaThread "Daemon client event forwarder" [_thread_blocked, id=114480, stack(0x0000001d88600000,0x0000001d88700000)]
  0x00000166e870a8b0 JavaThread "Cache worker for file hash cache (C:\Users\55119\AndroidStudioProjects\Porjetos Pessoais\MoviesApp\.gradle\7.0.2\fileHashes)" [_thread_blocked, id=118908, stack(0x0000001d88700000,0x0000001d88800000)]
  0x00000166e8707e30 JavaThread "Cache worker for checksums cache (C:\Users\55119\AndroidStudioProjects\Porjetos Pessoais\MoviesApp\.gradle\checksums)" [_thread_blocked, id=118864, stack(0x0000001d88d00000,0x0000001d88e00000)]
  0x00000166e8702e80 JavaThread "Cache worker for cache directory md-supplier (C:\Users\55119\.gradle\caches\7.0.2\md-supplier)" [_thread_blocked, id=101404, stack(0x0000001d89000000,0x0000001d89100000)]
  0x00000166e87033d0 JavaThread "Cache worker for cache directory md-rule (C:\Users\55119\.gradle\caches\7.0.2\md-rule)" [_thread_blocked, id=107336, stack(0x0000001d89100000,0x0000001d89200000)]
  0x00000166e8703920 JavaThread "Cache worker for dependencies-accessors (C:\Users\55119\AndroidStudioProjects\Porjetos Pessoais\MoviesApp\.gradle\7.0.2\dependencies-accessors)" [_thread_blocked, id=114056, stack(0x0000001d89200000,0x0000001d89300000)]
  0x00000166e8703e70 JavaThread "Cache worker for Build Output Cleanup Cache (C:\Users\55119\AndroidStudioProjects\Porjetos Pessoais\MoviesApp\.gradle\buildOutputCleanup)" [_thread_blocked, id=111796, stack(0x0000001d89800000,0x0000001d89900000)]
  0x00000166e886eed0 JavaThread "Build operations" [_thread_blocked, id=119088, stack(0x0000001d89a00000,0x0000001d89b00000)]
  0x00000166e886b460 JavaThread "Build operations Thread 2" [_thread_blocked, id=106208, stack(0x0000001d89b00000,0x0000001d89c00000)]
  0x00000166e886cef0 JavaThread "Build operations Thread 3" [_thread_blocked, id=99340, stack(0x0000001d89c00000,0x0000001d89d00000)]
  0x00000166e886c9a0 JavaThread "Build operations Thread 4" [_thread_blocked, id=116280, stack(0x0000001d89d00000,0x0000001d89e00000)]
  0x00000166e886b9b0 JavaThread "Build operations Thread 5" [_thread_blocked, id=118168, stack(0x0000001d89e00000,0x0000001d89f00000)]
  0x00000166e8869f20 JavaThread "Build operations Thread 6" [_thread_blocked, id=114620, stack(0x0000001d89f00000,0x0000001d8a000000)]
  0x00000166e886f970 JavaThread "Build operations Thread 7" [_thread_blocked, id=119464, stack(0x0000001d8a000000,0x0000001d8a100000)]
  0x00000166e886d440 JavaThread "Build operations Thread 8" [_thread_blocked, id=118960, stack(0x0000001d8a100000,0x0000001d8a200000)]
  0x00000166e8870410 JavaThread "build event listener" [_thread_blocked, id=119352, stack(0x0000001d8a200000,0x0000001d8a300000)]
  0x00000166e88699d0 JavaThread "build event listener" [_thread_blocked, id=119640, stack(0x0000001d8a900000,0x0000001d8aa00000)]
  0x00000166e886dee0 JavaThread "pool-6-thread-1" [_thread_blocked, id=111684, stack(0x0000001d8aa00000,0x0000001d8ab00000)]
  0x00000166e7531b00 JavaThread "build event listener" [_thread_blocked, id=97544, stack(0x0000001d8ac00000,0x0000001d8ad00000)]
  0x00000166e7532050 JavaThread "Execution worker for ':'" [_thread_blocked, id=118812, stack(0x0000001d8ad00000,0x0000001d8ae00000)]
  0x00000166e75305c0 JavaThread "Execution worker for ':' Thread 2" [_thread_blocked, id=113104, stack(0x0000001d8ae00000,0x0000001d8af00000)]
  0x00000166e7533040 JavaThread "Execution worker for ':' Thread 3" [_thread_blocked, id=119524, stack(0x0000001d8af00000,0x0000001d8b000000)]
  0x00000166e75325a0 JavaThread "Execution worker for ':' Thread 4" [_thread_blocked, id=108240, stack(0x0000001d8b000000,0x0000001d8b100000)]
  0x00000166ef436020 JavaThread "Execution worker for ':' Thread 5" [_thread_blocked, id=114704, stack(0x0000001d8b100000,0x0000001d8b200000)]
  0x00000166ef438550 JavaThread "Execution worker for ':' Thread 6" [_thread_blocked, id=107404, stack(0x0000001d8b200000,0x0000001d8b300000)]
  0x00000166ef433af0 JavaThread "Execution worker for ':' Thread 7" [_thread_in_native, id=104464, stack(0x0000001d8b300000,0x0000001d8b400000)]
  0x00000166ef434590 JavaThread "Cache worker for execution history cache (C:\Users\55119\AndroidStudioProjects\Porjetos Pessoais\MoviesApp\.gradle\7.0.2\executionHistory)" [_thread_blocked, id=106880, stack(0x0000001d8b400000,0x0000001d8b500000)]

Other Threads:
  0x00000166e5cdc1c0 VMThread "VM Thread" [stack: 0x0000001d86c00000,0x0000001d86d00000] [id=112080]
  0x00000166e68e7190 WatcherThread [stack: 0x0000001d87800000,0x0000001d87900000] [id=115024]
  0x00000166c7c9de60 GCTaskThread "GC Thread#0" [stack: 0x0000001d86700000,0x0000001d86800000] [id=104308]
  0x00000166e712c910 GCTaskThread "GC Thread#1" [stack: 0x0000001d87900000,0x0000001d87a00000] [id=84996]
  0x00000166e7195f30 GCTaskThread "GC Thread#2" [stack: 0x0000001d87a00000,0x0000001d87b00000] [id=112232]
  0x00000166e75fa370 GCTaskThread "GC Thread#3" [stack: 0x0000001d87b00000,0x0000001d87c00000] [id=117860]
  0x00000166e75fa680 GCTaskThread "GC Thread#4" [stack: 0x0000001d87c00000,0x0000001d87d00000] [id=119264]
  0x00000166e7379cb0 GCTaskThread "GC Thread#5" [stack: 0x0000001d87d00000,0x0000001d87e00000] [id=103712]
  0x00000166e890ac80 GCTaskThread "GC Thread#6" [stack: 0x0000001d88b00000,0x0000001d88c00000] [id=119112]
  0x00000166e796c2f0 GCTaskThread "GC Thread#7" [stack: 0x0000001d88c00000,0x0000001d88d00000] [id=49284]
  0x00000166c7cafeb0 ConcurrentGCThread "G1 Main Marker" [stack: 0x0000001d86800000,0x0000001d86900000] [id=117348]
  0x00000166c7cb0920 ConcurrentGCThread "G1 Conc#0" [stack: 0x0000001d86900000,0x0000001d86a00000] [id=90072]
  0x00000166e830b8e0 ConcurrentGCThread "G1 Conc#1" [stack: 0x0000001d89400000,0x0000001d89500000] [id=112316]
  0x00000166c7d3df30 ConcurrentGCThread "G1 Refine#0" [stack: 0x0000001d86a00000,0x0000001d86b00000] [id=109216]
  0x00000166ec7ceac0 ConcurrentGCThread "G1 Refine#1" [stack: 0x0000001d8b500000,0x0000001d8b600000] [id=93424]
  0x00000166ec7cee00 ConcurrentGCThread "G1 Refine#2" [stack: 0x0000001d8b600000,0x0000001d8b700000] [id=80376]
  0x00000166ec7cf140 ConcurrentGCThread "G1 Refine#3" [stack: 0x0000001d8b700000,0x0000001d8b800000] [id=77244]
  0x00000166ec7cf480 ConcurrentGCThread "G1 Refine#4" [stack: 0x0000001d8b800000,0x0000001d8b900000] [id=86032]
  0x00000166e5b90be0 ConcurrentGCThread "G1 Service" [stack: 0x0000001d86b00000,0x0000001d86c00000] [id=113856]

Threads with active compile tasks:
C2 CompilerThread0    64511 14249       4       org.gradle.api.internal.changedetection.state.SplitFileHasher::hash (44 bytes)

VM state: not at safepoint (normal execution)

VM Mutex/Monitor currently owned by a thread: None

Heap address: 0x0000000080000000, size: 2048 MB, Compressed Oops mode: 32-bit

CDS archive(s) mapped at: [0x0000000800000000-0x0000000800bb0000-0x0000000800bb0000), size 12255232, SharedBaseAddress: 0x0000000800000000, ArchiveRelocationMode: 0.
Compressed class space mapped at: 0x0000000800c00000-0x0000000840c00000, reserved size: 1073741824
Narrow klass base: 0x0000000800000000, Narrow klass shift: 3, Narrow klass range: 0x100000000

GC Precious Log:
 CPUs: 8 total, 8 available
 Memory: 7915M
 Large Page Support: Disabled
 NUMA Support: Disabled
 Compressed Oops: Enabled (32-bit)
 Heap Region Size: 1M
 Heap Min Capacity: 8M
 Heap Initial Capacity: 124M
 Heap Max Capacity: 2G
 Pre-touch: Disabled
 Parallel Workers: 8
 Concurrent Workers: 2
 Concurrent Refinement Workers: 8
 Periodic GC: Disabled

Heap:
 garbage-first heap   total 221184K, used 125736K [0x0000000080000000, 0x0000000100000000)
  region size 1024K, 19 young (19456K), 5 survivors (5120K)
 Metaspace       used 89023K, committed 89664K, reserved 1130496K
  class space    used 11495K, committed 11776K, reserved 1048576K

Heap Regions: E=young(eden), S=young(survivor), O=old, HS=humongous(starts), HC=humongous(continues), CS=collection set, F=free, OA=open archive, CA=closed archive, TAMS=top-at-mark-start (previous, next)
|   0|0x0000000080000000, 0x0000000080100000, 0x0000000080100000|100%| O|  |TAMS 0x0000000080100000, 0x0000000080000000| Untracked 
|   1|0x0000000080100000, 0x0000000080200000, 0x0000000080200000|100%| O|  |TAMS 0x0000000080200000, 0x0000000080100000| Untracked 
|   2|0x0000000080200000, 0x0000000080300000, 0x0000000080300000|100%| O|  |TAMS 0x0000000080300000, 0x0000000080200000| Untracked 
|   3|0x0000000080300000, 0x0000000080400000, 0x0000000080400000|100%|HS|  |TAMS 0x0000000080400000, 0x0000000080300000| Complete 
|   4|0x0000000080400000, 0x0000000080500000, 0x0000000080500000|100%|HC|  |TAMS 0x0000000080500000, 0x0000000080400000| Complete 
|   5|0x0000000080500000, 0x0000000080600000, 0x0000000080600000|100%|HC|  |TAMS 0x0000000080600000, 0x0000000080500000| Complete 
|   6|0x0000000080600000, 0x0000000080700000, 0x0000000080700000|100%| O|  |TAMS 0x0000000080700000, 0x0000000080600000| Untracked 
|   7|0x0000000080700000, 0x0000000080800000, 0x0000000080800000|100%| O|  |TAMS 0x0000000080800000, 0x0000000080700000| Untracked 
|   8|0x0000000080800000, 0x0000000080900000, 0x0000000080900000|100%| O|  |TAMS 0x0000000080900000, 0x0000000080800000| Untracked 
|   9|0x0000000080900000, 0x0000000080a00000, 0x0000000080a00000|100%| O|  |TAMS 0x0000000080a00000, 0x0000000080900000| Untracked 
|  10|0x0000000080a00000, 0x0000000080b00000, 0x0000000080b00000|100%| O|  |TAMS 0x0000000080b00000, 0x0000000080a00000| Untracked 
|  11|0x0000000080b00000, 0x0000000080c00000, 0x0000000080c00000|100%| O|  |TAMS 0x0000000080c00000, 0x0000000080b00000| Untracked 
|  12|0x0000000080c00000, 0x0000000080d00000, 0x0000000080d00000|100%| O|  |TAMS 0x0000000080d00000, 0x0000000080c00000| Untracked 
|  13|0x0000000080d00000, 0x0000000080e00000, 0x0000000080e00000|100%| O|  |TAMS 0x0000000080e00000, 0x0000000080d00000| Untracked 
|  14|0x0000000080e00000, 0x0000000080f00000, 0x0000000080f00000|100%| O|  |TAMS 0x0000000080f00000, 0x0000000080e00000| Untracked 
|  15|0x0000000080f00000, 0x0000000081000000, 0x0000000081000000|100%| O|  |TAMS 0x0000000081000000, 0x0000000080f00000| Untracked 
|  16|0x0000000081000000, 0x0000000081100000, 0x0000000081100000|100%| O|  |TAMS 0x0000000081100000, 0x0000000081000000| Untracked 
|  17|0x0000000081100000, 0x0000000081200000, 0x0000000081200000|100%| O|  |TAMS 0x0000000081200000, 0x0000000081100000| Untracked 
|  18|0x0000000081200000, 0x0000000081300000, 0x0000000081300000|100%| O|  |TAMS 0x0000000081300000, 0x0000000081200000| Untracked 
|  19|0x0000000081300000, 0x0000000081400000, 0x0000000081400000|100%| O|  |TAMS 0x0000000081400000, 0x0000000081300000| Untracked 
|  20|0x0000000081400000, 0x0000000081500000, 0x0000000081500000|100%| O|  |TAMS 0x0000000081500000, 0x0000000081400000| Untracked 
|  21|0x0000000081500000, 0x0000000081600000, 0x0000000081600000|100%| O|  |TAMS 0x0000000081600000, 0x0000000081500000| Untracked 
|  22|0x0000000081600000, 0x0000000081700000, 0x0000000081700000|100%| O|  |TAMS 0x0000000081700000, 0x0000000081600000| Untracked 
|  23|0x0000000081700000, 0x0000000081800000, 0x0000000081800000|100%| O|  |TAMS 0x0000000081800000, 0x0000000081700000| Untracked 
|  24|0x0000000081800000, 0x0000000081900000, 0x0000000081900000|100%| O|  |TAMS 0x0000000081900000, 0x0000000081800000| Untracked 
|  25|0x0000000081900000, 0x0000000081a00000, 0x0000000081a00000|100%|HS|  |TAMS 0x0000000081a00000, 0x0000000081900000| Complete 
|  26|0x0000000081a00000, 0x0000000081b00000, 0x0000000081b00000|100%|HS|  |TAMS 0x0000000081b00000, 0x0000000081a00000| Complete 
|  27|0x0000000081b00000, 0x0000000081c00000, 0x0000000081c00000|100%|HS|  |TAMS 0x0000000081c00000, 0x0000000081b00000| Complete 
|  28|0x0000000081c00000, 0x0000000081d00000, 0x0000000081d00000|100%| O|  |TAMS 0x0000000081d00000, 0x0000000081c00000| Untracked 
|  29|0x0000000081d00000, 0x0000000081e00000, 0x0000000081e00000|100%| O|  |TAMS 0x0000000081e00000, 0x0000000081d00000| Untracked 
|  30|0x0000000081e00000, 0x0000000081f00000, 0x0000000081f00000|100%| O|  |TAMS 0x0000000081f00000, 0x0000000081e00000| Untracked 
|  31|0x0000000081f00000, 0x0000000082000000, 0x0000000082000000|100%| O|  |TAMS 0x0000000082000000, 0x0000000081f00000| Untracked 
|  32|0x0000000082000000, 0x0000000082100000, 0x0000000082100000|100%| O|  |TAMS 0x0000000082100000, 0x0000000082000000| Untracked 
|  33|0x0000000082100000, 0x0000000082200000, 0x0000000082200000|100%| O|  |TAMS 0x0000000082200000, 0x0000000082100000| Untracked 
|  34|0x0000000082200000, 0x0000000082300000, 0x0000000082300000|100%| O|  |TAMS 0x0000000082300000, 0x0000000082200000| Untracked 
|  35|0x0000000082300000, 0x0000000082400000, 0x0000000082400000|100%| O|  |TAMS 0x0000000082321400, 0x0000000082300000| Untracked 
|  36|0x0000000082400000, 0x0000000082500000, 0x0000000082500000|100%| O|  |TAMS 0x0000000082400000, 0x0000000082400000| Untracked 
|  37|0x0000000082500000, 0x0000000082600000, 0x0000000082600000|100%| O|  |TAMS 0x0000000082500000, 0x0000000082500000| Untracked 
|  38|0x0000000082600000, 0x0000000082700000, 0x0000000082700000|100%|HS|  |TAMS 0x0000000082700000, 0x0000000082600000| Complete 
|  39|0x0000000082700000, 0x0000000082800000, 0x0000000082800000|100%|HC|  |TAMS 0x0000000082800000, 0x0000000082700000| Complete 
|  40|0x0000000082800000, 0x0000000082900000, 0x0000000082900000|100%|HC|  |TAMS 0x0000000082900000, 0x0000000082800000| Complete 
|  41|0x0000000082900000, 0x0000000082a00000, 0x0000000082a00000|100%| O|  |TAMS 0x0000000082900000, 0x0000000082900000| Untracked 
|  42|0x0000000082a00000, 0x0000000082b00000, 0x0000000082b00000|100%| O|  |TAMS 0x0000000082b00000, 0x0000000082a00000| Untracked 
|  43|0x0000000082b00000, 0x0000000082c00000, 0x0000000082c00000|100%| O|  |TAMS 0x0000000082c00000, 0x0000000082b00000| Untracked 
|  44|0x0000000082c00000, 0x0000000082d00000, 0x0000000082d00000|100%| O|  |TAMS 0x0000000082c00000, 0x0000000082c00000| Untracked 
|  45|0x0000000082d00000, 0x0000000082e00000, 0x0000000082e00000|100%|HS|  |TAMS 0x0000000082e00000, 0x0000000082d00000| Complete 
|  46|0x0000000082e00000, 0x0000000082f00000, 0x0000000082f00000|100%|HC|  |TAMS 0x0000000082f00000, 0x0000000082e00000| Complete 
|  47|0x0000000082f00000, 0x0000000083000000, 0x0000000083000000|100%| O|  |TAMS 0x0000000082f00000, 0x0000000082f00000| Untracked 
|  48|0x0000000083000000, 0x0000000083100000, 0x0000000083100000|100%| O|  |TAMS 0x0000000083100000, 0x0000000083000000| Untracked 
|  49|0x0000000083100000, 0x0000000083200000, 0x0000000083200000|100%| O|  |TAMS 0x0000000083200000, 0x0000000083100000| Untracked 
|  50|0x0000000083200000, 0x0000000083300000, 0x0000000083300000|100%| O|  |TAMS 0x0000000083300000, 0x0000000083200000| Untracked 
|  51|0x0000000083300000, 0x0000000083400000, 0x0000000083400000|100%| O|  |TAMS 0x0000000083400000, 0x0000000083300000| Untracked 
|  52|0x0000000083400000, 0x0000000083500000, 0x0000000083500000|100%| O|  |TAMS 0x0000000083500000, 0x0000000083400000| Untracked 
|  53|0x0000000083500000, 0x0000000083600000, 0x0000000083600000|100%| O|  |TAMS 0x0000000083600000, 0x0000000083500000| Untracked 
|  54|0x0000000083600000, 0x0000000083700000, 0x0000000083700000|100%| O|  |TAMS 0x0000000083700000, 0x0000000083600000| Untracked 
|  55|0x0000000083700000, 0x0000000083800000, 0x0000000083800000|100%| O|  |TAMS 0x0000000083800000, 0x0000000083700000| Untracked 
|  56|0x0000000083800000, 0x0000000083900000, 0x0000000083900000|100%| O|  |TAMS 0x0000000083900000, 0x0000000083800000| Untracked 
|  57|0x0000000083900000, 0x0000000083a00000, 0x0000000083a00000|100%| O|  |TAMS 0x0000000083a00000, 0x0000000083900000| Untracked 
|  58|0x0000000083a00000, 0x0000000083b00000, 0x0000000083b00000|100%| O|  |TAMS 0x0000000083b00000, 0x0000000083a00000| Untracked 
|  59|0x0000000083b00000, 0x0000000083c00000, 0x0000000083c00000|100%| O|  |TAMS 0x0000000083c00000, 0x0000000083b00000| Untracked 
|  60|0x0000000083c00000, 0x0000000083d00000, 0x0000000083d00000|100%| O|  |TAMS 0x0000000083d00000, 0x0000000083c00000| Untracked 
|  61|0x0000000083d00000, 0x0000000083e00000, 0x0000000083e00000|100%| O|  |TAMS 0x0000000083e00000, 0x0000000083d00000| Untracked 
|  62|0x0000000083e00000, 0x0000000083f00000, 0x0000000083f00000|100%| O|  |TAMS 0x0000000083f00000, 0x0000000083e00000| Untracked 
|  63|0x0000000083f00000, 0x0000000084000000, 0x0000000084000000|100%| O|  |TAMS 0x0000000084000000, 0x0000000083f00000| Untracked 
|  64|0x0000000084000000, 0x0000000084100000, 0x0000000084100000|100%| O|  |TAMS 0x0000000084100000, 0x0000000084000000| Untracked 
|  65|0x0000000084100000, 0x0000000084200000, 0x0000000084200000|100%| O|  |TAMS 0x0000000084200000, 0x0000000084100000| Untracked 
|  66|0x0000000084200000, 0x0000000084300000, 0x0000000084300000|100%| O|  |TAMS 0x0000000084300000, 0x0000000084200000| Untracked 
|  67|0x0000000084300000, 0x0000000084400000, 0x0000000084400000|100%| O|  |TAMS 0x0000000084400000, 0x0000000084300000| Untracked 
|  68|0x0000000084400000, 0x0000000084500000, 0x0000000084500000|100%| O|  |TAMS 0x0000000084500000, 0x0000000084400000| Untracked 
|  69|0x0000000084500000, 0x0000000084600000, 0x0000000084600000|100%| O|  |TAMS 0x0000000084600000, 0x0000000084500000| Untracked 
|  70|0x0000000084600000, 0x0000000084700000, 0x0000000084700000|100%| O|  |TAMS 0x0000000084700000, 0x0000000084600000| Untracked 
|  71|0x0000000084700000, 0x0000000084800000, 0x0000000084800000|100%| O|  |TAMS 0x0000000084800000, 0x0000000084700000| Untracked 
|  72|0x0000000084800000, 0x0000000084900000, 0x0000000084900000|100%| O|  |TAMS 0x0000000084900000, 0x0000000084800000| Untracked 
|  73|0x0000000084900000, 0x0000000084a00000, 0x0000000084a00000|100%| O|  |TAMS 0x0000000084a00000, 0x0000000084900000| Untracked 
|  74|0x0000000084a00000, 0x0000000084b00000, 0x0000000084b00000|100%| O|  |TAMS 0x0000000084b00000, 0x0000000084a00000| Untracked 
|  75|0x0000000084b00000, 0x0000000084c00000, 0x0000000084c00000|100%| O|  |TAMS 0x0000000084b00000, 0x0000000084b00000| Untracked 
|  76|0x0000000084c00000, 0x0000000084d00000, 0x0000000084d00000|100%| O|  |TAMS 0x0000000084d00000, 0x0000000084c00000| Untracked 
|  77|0x0000000084d00000, 0x0000000084e00000, 0x0000000084e00000|100%| O|  |TAMS 0x0000000084e00000, 0x0000000084d00000| Untracked 
|  78|0x0000000084e00000, 0x0000000084f00000, 0x0000000084f00000|100%| O|  |TAMS 0x0000000084e00000, 0x0000000084e00000| Untracked 
|  79|0x0000000084f00000, 0x0000000084f14008, 0x0000000085000000|  7%| O|  |TAMS 0x0000000084f00000, 0x0000000084f00000| Untracked 
|  80|0x0000000085000000, 0x0000000085000000, 0x0000000085100000|  0%| F|  |TAMS 0x0000000085000000, 0x0000000085000000| Untracked 
|  81|0x0000000085100000, 0x0000000085100000, 0x0000000085200000|  0%| F|  |TAMS 0x0000000085100000, 0x0000000085100000| Untracked 
|  82|0x0000000085200000, 0x0000000085200000, 0x0000000085300000|  0%| F|  |TAMS 0x0000000085200000, 0x0000000085200000| Untracked 
|  83|0x0000000085300000, 0x0000000085300000, 0x0000000085400000|  0%| F|  |TAMS 0x0000000085300000, 0x0000000085300000| Untracked 
|  84|0x0000000085400000, 0x0000000085500000, 0x0000000085500000|100%| O|  |TAMS 0x0000000085500000, 0x0000000085400000| Untracked 
|  85|0x0000000085500000, 0x0000000085600000, 0x0000000085600000|100%| O|  |TAMS 0x0000000085600000, 0x0000000085500000| Untracked 
|  86|0x0000000085600000, 0x0000000085700000, 0x0000000085700000|100%| O|  |TAMS 0x0000000085700000, 0x0000000085600000| Untracked 
|  87|0x0000000085700000, 0x0000000085700000, 0x0000000085800000|  0%| F|  |TAMS 0x0000000085700000, 0x0000000085700000| Untracked 
|  88|0x0000000085800000, 0x0000000085900000, 0x0000000085900000|100%| O|  |TAMS 0x0000000085900000, 0x0000000085800000| Untracked 
|  89|0x0000000085900000, 0x0000000085900000, 0x0000000085a00000|  0%| F|  |TAMS 0x0000000085900000, 0x0000000085900000| Untracked 
|  90|0x0000000085a00000, 0x0000000085b00000, 0x0000000085b00000|100%| O|  |TAMS 0x0000000085b00000, 0x0000000085a00000| Untracked 
|  91|0x0000000085b00000, 0x0000000085c00000, 0x0000000085c00000|100%| O|  |TAMS 0x0000000085c00000, 0x0000000085b00000| Untracked 
|  92|0x0000000085c00000, 0x0000000085d00000, 0x0000000085d00000|100%| O|  |TAMS 0x0000000085d00000, 0x0000000085c00000| Untracked 
|  93|0x0000000085d00000, 0x0000000085e00000, 0x0000000085e00000|100%| O|  |TAMS 0x0000000085e00000, 0x0000000085d00000| Untracked 
|  94|0x0000000085e00000, 0x0000000085f00000, 0x0000000085f00000|100%| O|  |TAMS 0x0000000085f00000, 0x0000000085e00000| Untracked 
|  95|0x0000000085f00000, 0x0000000086000000, 0x0000000086000000|100%| O|  |TAMS 0x0000000086000000, 0x0000000085f00000| Untracked 
|  96|0x0000000086000000, 0x0000000086100000, 0x0000000086100000|100%| O|  |TAMS 0x0000000086100000, 0x0000000086000000| Untracked 
|  97|0x0000000086100000, 0x0000000086200000, 0x0000000086200000|100%| O|  |TAMS 0x0000000086200000, 0x0000000086100000| Untracked 
|  98|0x0000000086200000, 0x0000000086300000, 0x0000000086300000|100%| O|  |TAMS 0x0000000086300000, 0x0000000086200000| Untracked 
|  99|0x0000000086300000, 0x0000000086400000, 0x0000000086400000|100%| O|  |TAMS 0x0000000086400000, 0x0000000086300000| Untracked 
| 100|0x0000000086400000, 0x0000000086500000, 0x0000000086500000|100%| O|  |TAMS 0x0000000086500000, 0x0000000086400000| Untracked 
| 101|0x0000000086500000, 0x0000000086600000, 0x0000000086600000|100%| O|  |TAMS 0x0000000086600000, 0x0000000086500000| Untracked 
| 102|0x0000000086600000, 0x0000000086700000, 0x0000000086700000|100%| O|  |TAMS 0x0000000086700000, 0x0000000086600000| Untracked 
| 103|0x0000000086700000, 0x0000000086800000, 0x0000000086800000|100%| O|  |TAMS 0x0000000086800000, 0x0000000086700000| Untracked 
| 104|0x0000000086800000, 0x0000000086900000, 0x0000000086900000|100%| O|  |TAMS 0x0000000086900000, 0x0000000086800000| Untracked 
| 105|0x0000000086900000, 0x0000000086a00000, 0x0000000086a00000|100%| O|  |TAMS 0x0000000086a00000, 0x0000000086900000| Untracked 
| 106|0x0000000086a00000, 0x0000000086b00000, 0x0000000086b00000|100%| O|  |TAMS 0x0000000086b00000, 0x0000000086a00000| Untracked 
| 107|0x0000000086b00000, 0x0000000086c00000, 0x0000000086c00000|100%| O|  |TAMS 0x0000000086c00000, 0x0000000086b00000| Untracked 
| 108|0x0000000086c00000, 0x0000000086d00000, 0x0000000086d00000|100%| O|  |TAMS 0x0000000086d00000, 0x0000000086c00000| Untracked 
| 109|0x0000000086d00000, 0x0000000086e00000, 0x0000000086e00000|100%| O|  |TAMS 0x0000000086e00000, 0x0000000086d00000| Untracked 
| 110|0x0000000086e00000, 0x0000000086f00000, 0x0000000086f00000|100%| O|  |TAMS 0x0000000086f00000, 0x0000000086e00000| Untracked 
| 111|0x0000000086f00000, 0x0000000087000000, 0x0000000087000000|100%| O|  |TAMS 0x0000000087000000, 0x0000000086f00000| Untracked 
| 112|0x0000000087000000, 0x0000000087000000, 0x0000000087100000|  0%| F|  |TAMS 0x0000000087000000, 0x0000000087000000| Untracked 
| 113|0x0000000087100000, 0x0000000087100000, 0x0000000087200000|  0%| F|  |TAMS 0x0000000087100000, 0x0000000087100000| Untracked 
| 114|0x0000000087200000, 0x0000000087200000, 0x0000000087300000|  0%| F|  |TAMS 0x0000000087200000, 0x0000000087200000| Untracked 
| 115|0x0000000087300000, 0x0000000087300000, 0x0000000087400000|  0%| F|  |TAMS 0x0000000087300000, 0x0000000087300000| Untracked 
| 116|0x0000000087400000, 0x0000000087400000, 0x0000000087500000|  0%| F|  |TAMS 0x0000000087400000, 0x0000000087400000| Untracked 
| 117|0x0000000087500000, 0x0000000087500000, 0x0000000087600000|  0%| F|  |TAMS 0x0000000087500000, 0x0000000087500000| Untracked 
| 118|0x0000000087600000, 0x0000000087600000, 0x0000000087700000|  0%| F|  |TAMS 0x0000000087600000, 0x0000000087600000| Untracked 
| 119|0x0000000087700000, 0x0000000087700000, 0x0000000087800000|  0%| F|  |TAMS 0x0000000087700000, 0x0000000087700000| Untracked 
| 120|0x0000000087800000, 0x0000000087800000, 0x0000000087900000|  0%| F|  |TAMS 0x0000000087800000, 0x0000000087800000| Untracked 
| 121|0x0000000087900000, 0x0000000087900000, 0x0000000087a00000|  0%| F|  |TAMS 0x0000000087900000, 0x0000000087900000| Untracked 
| 122|0x0000000087a00000, 0x0000000087a00000, 0x0000000087b00000|  0%| F|  |TAMS 0x0000000087a00000, 0x0000000087a00000| Untracked 
| 123|0x0000000087b00000, 0x0000000087b00000, 0x0000000087c00000|  0%| F|  |TAMS 0x0000000087b00000, 0x0000000087b00000| Untracked 
| 124|0x0000000087c00000, 0x0000000087c00000, 0x0000000087d00000|  0%| F|  |TAMS 0x0000000087c00000, 0x0000000087c00000| Untracked 
| 125|0x0000000087d00000, 0x0000000087d00000, 0x0000000087e00000|  0%| F|  |TAMS 0x0000000087d00000, 0x0000000087d00000| Untracked 
| 126|0x0000000087e00000, 0x0000000087e00000, 0x0000000087f00000|  0%| F|  |TAMS 0x0000000087e00000, 0x0000000087e00000| Untracked 
| 127|0x0000000087f00000, 0x0000000087f00000, 0x0000000088000000|  0%| F|  |TAMS 0x0000000087f00000, 0x0000000087f00000| Untracked 
| 128|0x0000000088000000, 0x0000000088000000, 0x0000000088100000|  0%| F|  |TAMS 0x0000000088000000, 0x0000000088000000| Untracked 
| 129|0x0000000088100000, 0x0000000088100000, 0x0000000088200000|  0%| F|  |TAMS 0x0000000088100000, 0x0000000088100000| Untracked 
| 130|0x0000000088200000, 0x0000000088200000, 0x0000000088300000|  0%| F|  |TAMS 0x0000000088200000, 0x0000000088200000| Untracked 
| 131|0x0000000088300000, 0x0000000088300000, 0x0000000088400000|  0%| F|  |TAMS 0x0000000088300000, 0x0000000088300000| Untracked 
| 132|0x0000000088400000, 0x0000000088400000, 0x0000000088500000|  0%| F|  |TAMS 0x0000000088400000, 0x0000000088400000| Untracked 
| 133|0x0000000088500000, 0x0000000088500000, 0x0000000088600000|  0%| F|  |TAMS 0x0000000088500000, 0x0000000088500000| Untracked 
| 134|0x0000000088600000, 0x0000000088600000, 0x0000000088700000|  0%| F|  |TAMS 0x0000000088600000, 0x0000000088600000| Untracked 
| 135|0x0000000088700000, 0x0000000088700000, 0x0000000088800000|  0%| F|  |TAMS 0x0000000088700000, 0x0000000088700000| Untracked 
| 136|0x0000000088800000, 0x0000000088800000, 0x0000000088900000|  0%| F|  |TAMS 0x0000000088800000, 0x0000000088800000| Untracked 
| 137|0x0000000088900000, 0x0000000088900000, 0x0000000088a00000|  0%| F|  |TAMS 0x0000000088900000, 0x0000000088900000| Untracked 
| 138|0x0000000088a00000, 0x0000000088a00000, 0x0000000088b00000|  0%| F|  |TAMS 0x0000000088a00000, 0x0000000088a00000| Untracked 
| 139|0x0000000088b00000, 0x0000000088b00000, 0x0000000088c00000|  0%| F|  |TAMS 0x0000000088b00000, 0x0000000088b00000| Untracked 
| 140|0x0000000088c00000, 0x0000000088c00000, 0x0000000088d00000|  0%| F|  |TAMS 0x0000000088c00000, 0x0000000088c00000| Untracked 
| 141|0x0000000088d00000, 0x0000000088d00000, 0x0000000088e00000|  0%| F|  |TAMS 0x0000000088d00000, 0x0000000088d00000| Untracked 
| 142|0x0000000088e00000, 0x0000000088e00000, 0x0000000088f00000|  0%| F|  |TAMS 0x0000000088e00000, 0x0000000088e00000| Untracked 
| 143|0x0000000088f00000, 0x0000000088fb60a0, 0x0000000089000000| 71%| S|CS|TAMS 0x0000000088f00000, 0x0000000088f00000| Complete 
| 144|0x0000000089000000, 0x0000000089100000, 0x0000000089100000|100%| S|CS|TAMS 0x0000000089000000, 0x0000000089000000| Complete 
| 145|0x0000000089100000, 0x0000000089200000, 0x0000000089200000|100%| S|CS|TAMS 0x0000000089100000, 0x0000000089100000| Complete 
| 146|0x0000000089200000, 0x0000000089300000, 0x0000000089300000|100%| S|CS|TAMS 0x0000000089200000, 0x0000000089200000| Complete 
| 147|0x0000000089300000, 0x0000000089400000, 0x0000000089400000|100%| S|CS|TAMS 0x0000000089300000, 0x0000000089300000| Complete 
| 148|0x0000000089400000, 0x0000000089400000, 0x0000000089500000|  0%| F|  |TAMS 0x0000000089400000, 0x0000000089400000| Untracked 
| 149|0x0000000089500000, 0x0000000089500000, 0x0000000089600000|  0%| F|  |TAMS 0x0000000089500000, 0x0000000089500000| Untracked 
| 150|0x0000000089600000, 0x0000000089600000, 0x0000000089700000|  0%| F|  |TAMS 0x0000000089600000, 0x0000000089600000| Untracked 
| 151|0x0000000089700000, 0x0000000089700000, 0x0000000089800000|  0%| F|  |TAMS 0x0000000089700000, 0x0000000089700000| Untracked 
| 152|0x0000000089800000, 0x0000000089800000, 0x0000000089900000|  0%| F|  |TAMS 0x0000000089800000, 0x0000000089800000| Untracked 
| 153|0x0000000089900000, 0x0000000089900000, 0x0000000089a00000|  0%| F|  |TAMS 0x0000000089900000, 0x0000000089900000| Untracked 
| 154|0x0000000089a00000, 0x0000000089a00000, 0x0000000089b00000|  0%| F|  |TAMS 0x0000000089a00000, 0x0000000089a00000| Untracked 
| 155|0x0000000089b00000, 0x0000000089b00000, 0x0000000089c00000|  0%| F|  |TAMS 0x0000000089b00000, 0x0000000089b00000| Untracked 
| 156|0x0000000089c00000, 0x0000000089c00000, 0x0000000089d00000|  0%| F|  |TAMS 0x0000000089c00000, 0x0000000089c00000| Untracked 
| 157|0x0000000089d00000, 0x0000000089d00000, 0x0000000089e00000|  0%| F|  |TAMS 0x0000000089d00000, 0x0000000089d00000| Untracked 
| 158|0x0000000089e00000, 0x0000000089e00000, 0x0000000089f00000|  0%| F|  |TAMS 0x0000000089e00000, 0x0000000089e00000| Untracked 
| 159|0x0000000089f00000, 0x0000000089f00000, 0x000000008a000000|  0%| F|  |TAMS 0x0000000089f00000, 0x0000000089f00000| Untracked 
| 160|0x000000008a000000, 0x000000008a000000, 0x000000008a100000|  0%| F|  |TAMS 0x000000008a000000, 0x000000008a000000| Untracked 
| 161|0x000000008a100000, 0x000000008a100000, 0x000000008a200000|  0%| F|  |TAMS 0x000000008a100000, 0x000000008a100000| Untracked 
| 162|0x000000008a200000, 0x000000008a200000, 0x000000008a300000|  0%| F|  |TAMS 0x000000008a200000, 0x000000008a200000| Untracked 
| 163|0x000000008a300000, 0x000000008a300000, 0x000000008a400000|  0%| F|  |TAMS 0x000000008a300000, 0x000000008a300000| Untracked 
| 164|0x000000008a400000, 0x000000008a400000, 0x000000008a500000|  0%| F|  |TAMS 0x000000008a400000, 0x000000008a400000| Untracked 
| 165|0x000000008a500000, 0x000000008a500000, 0x000000008a600000|  0%| F|  |TAMS 0x000000008a500000, 0x000000008a500000| Untracked 
| 166|0x000000008a600000, 0x000000008a600000, 0x000000008a700000|  0%| F|  |TAMS 0x000000008a600000, 0x000000008a600000| Untracked 
| 167|0x000000008a700000, 0x000000008a700000, 0x000000008a800000|  0%| F|  |TAMS 0x000000008a700000, 0x000000008a700000| Untracked 
| 168|0x000000008a800000, 0x000000008a800000, 0x000000008a900000|  0%| F|  |TAMS 0x000000008a800000, 0x000000008a800000| Untracked 
| 169|0x000000008a900000, 0x000000008a900000, 0x000000008aa00000|  0%| F|  |TAMS 0x000000008a900000, 0x000000008a900000| Untracked 
| 170|0x000000008aa00000, 0x000000008aa00000, 0x000000008ab00000|  0%| F|  |TAMS 0x000000008aa00000, 0x000000008aa00000| Untracked 
| 171|0x000000008ab00000, 0x000000008ab00000, 0x000000008ac00000|  0%| F|  |TAMS 0x000000008ab00000, 0x000000008ab00000| Untracked 
| 172|0x000000008ac00000, 0x000000008ac00000, 0x000000008ad00000|  0%| F|  |TAMS 0x000000008ac00000, 0x000000008ac00000| Untracked 
| 173|0x000000008ad00000, 0x000000008ad00000, 0x000000008ae00000|  0%| F|  |TAMS 0x000000008ad00000, 0x000000008ad00000| Untracked 
| 174|0x000000008ae00000, 0x000000008ae00000, 0x000000008af00000|  0%| F|  |TAMS 0x000000008ae00000, 0x000000008ae00000| Untracked 
| 175|0x000000008af00000, 0x000000008af00000, 0x000000008b000000|  0%| F|  |TAMS 0x000000008af00000, 0x000000008af00000| Untracked 
| 176|0x000000008b000000, 0x000000008b000000, 0x000000008b100000|  0%| F|  |TAMS 0x000000008b000000, 0x000000008b000000| Untracked 
| 177|0x000000008b100000, 0x000000008b100000, 0x000000008b200000|  0%| F|  |TAMS 0x000000008b100000, 0x000000008b100000| Untracked 
| 178|0x000000008b200000, 0x000000008b200000, 0x000000008b300000|  0%| F|  |TAMS 0x000000008b200000, 0x000000008b200000| Untracked 
| 179|0x000000008b300000, 0x000000008b300000, 0x000000008b400000|  0%| F|  |TAMS 0x000000008b300000, 0x000000008b300000| Untracked 
| 180|0x000000008b400000, 0x000000008b400000, 0x000000008b500000|  0%| F|  |TAMS 0x000000008b400000, 0x000000008b400000| Untracked 
| 181|0x000000008b500000, 0x000000008b500000, 0x000000008b600000|  0%| F|  |TAMS 0x000000008b500000, 0x000000008b500000| Untracked 
| 182|0x000000008b600000, 0x000000008b600000, 0x000000008b700000|  0%| F|  |TAMS 0x000000008b600000, 0x000000008b600000| Untracked 
| 183|0x000000008b700000, 0x000000008b700000, 0x000000008b800000|  0%| F|  |TAMS 0x000000008b700000, 0x000000008b700000| Untracked 
| 184|0x000000008b800000, 0x000000008b800000, 0x000000008b900000|  0%| F|  |TAMS 0x000000008b800000, 0x000000008b800000| Untracked 
| 185|0x000000008b900000, 0x000000008b900000, 0x000000008ba00000|  0%| F|  |TAMS 0x000000008b900000, 0x000000008b900000| Untracked 
| 186|0x000000008ba00000, 0x000000008ba00000, 0x000000008bb00000|  0%| F|  |TAMS 0x000000008ba00000, 0x000000008ba00000| Untracked 
| 187|0x000000008bb00000, 0x000000008bb00000, 0x000000008bc00000|  0%| F|  |TAMS 0x000000008bb00000, 0x000000008bb00000| Untracked 
| 188|0x000000008bc00000, 0x000000008bc00000, 0x000000008bd00000|  0%| F|  |TAMS 0x000000008bc00000, 0x000000008bc00000| Untracked 
| 189|0x000000008bd00000, 0x000000008bd00000, 0x000000008be00000|  0%| F|  |TAMS 0x000000008bd00000, 0x000000008bd00000| Untracked 
| 190|0x000000008be00000, 0x000000008be00000, 0x000000008bf00000|  0%| F|  |TAMS 0x000000008be00000, 0x000000008be00000| Untracked 
| 191|0x000000008bf00000, 0x000000008bf00000, 0x000000008c000000|  0%| F|  |TAMS 0x000000008bf00000, 0x000000008bf00000| Untracked 
| 192|0x000000008c000000, 0x000000008c000000, 0x000000008c100000|  0%| F|  |TAMS 0x000000008c000000, 0x000000008c000000| Untracked 
| 193|0x000000008c100000, 0x000000008c100000, 0x000000008c200000|  0%| F|  |TAMS 0x000000008c100000, 0x000000008c100000| Untracked 
| 194|0x000000008c200000, 0x000000008c200000, 0x000000008c300000|  0%| F|  |TAMS 0x000000008c200000, 0x000000008c200000| Untracked 
| 195|0x000000008c300000, 0x000000008c300000, 0x000000008c400000|  0%| F|  |TAMS 0x000000008c300000, 0x000000008c300000| Untracked 
| 196|0x000000008c400000, 0x000000008c400000, 0x000000008c500000|  0%| F|  |TAMS 0x000000008c400000, 0x000000008c400000| Untracked 
| 197|0x000000008c500000, 0x000000008c500000, 0x000000008c600000|  0%| F|  |TAMS 0x000000008c500000, 0x000000008c500000| Untracked 
| 198|0x000000008c600000, 0x000000008c600000, 0x000000008c700000|  0%| F|  |TAMS 0x000000008c600000, 0x000000008c600000| Untracked 
| 199|0x000000008c700000, 0x000000008c700000, 0x000000008c800000|  0%| F|  |TAMS 0x000000008c700000, 0x000000008c700000| Untracked 
| 200|0x000000008c800000, 0x000000008c800000, 0x000000008c900000|  0%| F|  |TAMS 0x000000008c800000, 0x000000008c800000| Untracked 
| 201|0x000000008c900000, 0x000000008c900000, 0x000000008ca00000|  0%| F|  |TAMS 0x000000008c900000, 0x000000008c900000| Untracked 
| 202|0x000000008ca00000, 0x000000008cad04f8, 0x000000008cb00000| 81%| E|  |TAMS 0x000000008ca00000, 0x000000008ca00000| Complete 
| 203|0x000000008cb00000, 0x000000008cc00000, 0x000000008cc00000|100%| E|CS|TAMS 0x000000008cb00000, 0x000000008cb00000| Complete 
| 204|0x000000008cc00000, 0x000000008cd00000, 0x000000008cd00000|100%| E|CS|TAMS 0x000000008cc00000, 0x000000008cc00000| Complete 
| 205|0x000000008cd00000, 0x000000008ce00000, 0x000000008ce00000|100%| E|CS|TAMS 0x000000008cd00000, 0x000000008cd00000| Complete 
| 206|0x000000008ce00000, 0x000000008cf00000, 0x000000008cf00000|100%| E|CS|TAMS 0x000000008ce00000, 0x000000008ce00000| Complete 
| 207|0x000000008cf00000, 0x000000008d000000, 0x000000008d000000|100%| E|CS|TAMS 0x000000008cf00000, 0x000000008cf00000| Complete 
| 208|0x000000008d000000, 0x000000008d100000, 0x000000008d100000|100%| E|CS|TAMS 0x000000008d000000, 0x000000008d000000| Complete 
| 209|0x000000008d100000, 0x000000008d200000, 0x000000008d200000|100%| E|CS|TAMS 0x000000008d100000, 0x000000008d100000| Complete 
| 210|0x000000008d200000, 0x000000008d300000, 0x000000008d300000|100%| E|CS|TAMS 0x000000008d200000, 0x000000008d200000| Complete 
| 211|0x000000008d300000, 0x000000008d400000, 0x000000008d400000|100%| E|CS|TAMS 0x000000008d300000, 0x000000008d300000| Complete 
| 212|0x000000008d400000, 0x000000008d500000, 0x000000008d500000|100%| E|CS|TAMS 0x000000008d400000, 0x000000008d400000| Complete 
| 213|0x000000008d500000, 0x000000008d600000, 0x000000008d600000|100%| E|CS|TAMS 0x000000008d500000, 0x000000008d500000| Complete 
| 214|0x000000008d600000, 0x000000008d700000, 0x000000008d700000|100%| E|CS|TAMS 0x000000008d600000, 0x000000008d600000| Complete 
| 215|0x000000008d700000, 0x000000008d800000, 0x000000008d800000|100%| E|CS|TAMS 0x000000008d700000, 0x000000008d700000| Complete 

Card table byte_map: [0x00000166deb00000,0x00000166def00000] _byte_map_base: 0x00000166de700000

Marking Bits (Prev, Next): (CMBitMap*) 0x00000166c7c9f520, (CMBitMap*) 0x00000166c7c9f4e0
 Prev Bits: [0x00000166e1300000, 0x00000166e3300000)
 Next Bits: [0x00000166df300000, 0x00000166e1300000)

Polling page: 0x00000166c7440000

Metaspace:

Usage:
  Non-class:     75.71 MB used.
      Class:     11.23 MB used.
       Both:     86.94 MB used.

Virtual space:
  Non-class space:       80.00 MB reserved,      76.06 MB ( 95%) committed,  10 nodes.
      Class space:        1.00 GB reserved,      11.50 MB (  1%) committed,  1 nodes.
              Both:        1.08 GB reserved,      87.56 MB (  8%) committed. 

Chunk freelists:
   Non-Class:  3.86 MB
       Class:  349.00 KB
        Both:  4.20 MB

MaxMetaspaceSize: 17179869184.00 GB
CompressedClassSpaceSize: 1.00 GB
 - commit_granule_bytes: 65536.
 - commit_granule_words: 8192.
 - virtual_space_node_default_size: 1048576.
 - enlarge_chunks_in_place: 1.
 - new_chunks_are_fully_committed: 0.
 - uncommit_free_chunks: 1.
 - use_allocation_guard: 0.
 - handle_deallocations: 1.


Internal statistics:

num_allocs_failed_limit: 6.
num_arena_births: 914.
num_arena_deaths: 0.
num_vsnodes_births: 11.
num_vsnodes_deaths: 0.
num_space_committed: 1401.
num_space_uncommitted: 0.
num_chunks_returned_to_freelist: 6.
num_chunks_taken_from_freelist: 4557.
num_chunk_merges: 6.
num_chunk_splits: 2994.
num_chunks_enlarged: 1997.
num_purges: 0.

CodeHeap 'non-profiled nmethods': size=120000Kb used=6708Kb max_used=6708Kb free=113291Kb
 bounds [0x00000166d6ea0000, 0x00000166d7530000, 0x00000166de3d0000]
CodeHeap 'profiled nmethods': size=120000Kb used=23481Kb max_used=23481Kb free=96518Kb
 bounds [0x00000166cf970000, 0x00000166d1060000, 0x00000166d6ea0000]
CodeHeap 'non-nmethods': size=5760Kb used=2422Kb max_used=2465Kb free=3337Kb
 bounds [0x00000166cf3d0000, 0x00000166cf650000, 0x00000166cf970000]
 total_blobs=13343 nmethods=12399 adapters=856
 compilation: enabled
              stopped_count=0, restarted_count=0
 full_count=0

Compilation events (20 events):
Event: 64.178 Thread 0x00000166e5cff330 nmethod 14239 0x00000166d752bc90 code [0x00000166d752be20, 0x00000166d752bf58]
Event: 64.181 Thread 0x00000166e5cffe20 14240       3       org.gradle.internal.snapshot.AbstractListChildMap$1::withReplacedChild (10 bytes)
Event: 64.181 Thread 0x00000166e5cffe20 nmethod 14240 0x00000166d1057c10 code [0x00000166d1057dc0, 0x00000166d1058048]
Event: 64.181 Thread 0x00000166e5cffe20 14241       3       org.gradle.internal.snapshot.AbstractListChildMap$1::withReplacedChild (14 bytes)
Event: 64.181 Thread 0x00000166e5cffe20 nmethod 14241 0x00000166d1058190 code [0x00000166d1058340, 0x00000166d1058548]
Event: 64.313 Thread 0x00000166e5cff330 14242       4       java.security.MessageDigest$Delegate::clone (51 bytes)
Event: 64.318 Thread 0x00000166e5cff330 nmethod 14242 0x00000166d752c090 code [0x00000166d752c260, 0x00000166d752cd08]
Event: 64.381 Thread 0x00000166e5cffe20 14243       3       org.gradle.internal.hash.Hashing::newPrimitiveHasher (9 bytes)
Event: 64.382 Thread 0x00000166e5cffe20 nmethod 14243 0x00000166d1058610 code [0x00000166d1058820, 0x00000166d1058f98]
Event: 64.437 Thread 0x00000166e5cffe20 14244       3       com.google.common.io.ByteStreams$1::write (6 bytes)
Event: 64.437 Thread 0x00000166e5cffe20 nmethod 14244 0x00000166d1059290 code [0x00000166d1059440, 0x00000166d10596a8]
Event: 64.437 Thread 0x00000166e5cffe20 14245       3       org.gradle.internal.hash.Hashing$MessageDigestHasher::putBytes (11 bytes)
Event: 64.437 Thread 0x00000166e5cffe20 nmethod 14245 0x00000166d1059790 code [0x00000166d1059960, 0x00000166d1059cb8]
Event: 64.438 Thread 0x00000166e5cffe20 14246   !   3       org.gradle.internal.hash.DefaultFileHasher::hash (71 bytes)
Event: 64.439 Thread 0x00000166e5cffe20 nmethod 14246 0x00000166d1059e90 code [0x00000166d105a160, 0x00000166d105b088]
Event: 64.439 Thread 0x00000166e5cffe20 14248   !   3       org.gradle.internal.hash.DefaultStreamHasher::doHash (84 bytes)
Event: 64.440 Thread 0x00000166e5cffe20 nmethod 14248 0x00000166d105b690 code [0x00000166d105ba60, 0x00000166d105d828]
Event: 64.440 Thread 0x00000166e5cffe20 14247       3       com.google.common.io.ByteStreams::nullOutputStream (4 bytes)
Event: 64.440 Thread 0x00000166e5cffe20 nmethod 14247 0x00000166d05a0810 code [0x00000166d05a09a0, 0x00000166d05a0a98]
Event: 64.458 Thread 0x00000166e5cff330 14249       4       org.gradle.api.internal.changedetection.state.SplitFileHasher::hash (44 bytes)

GC Heap History (20 events):
Event: 27.659 GC heap before
{Heap before GC invocations=38 (full 0):
 garbage-first heap   total 162816K, used 124285K [0x0000000080000000, 0x0000000100000000)
  region size 1024K, 43 young (44032K), 6 survivors (6144K)
 Metaspace       used 76527K, committed 77120K, reserved 1122304K
  class space    used 10118K, committed 10432K, reserved 1048576K
}
Event: 27.664 GC heap after
{Heap after GC invocations=39 (full 0):
 garbage-first heap   total 162816K, used 90093K [0x0000000080000000, 0x0000000100000000)
  region size 1024K, 6 young (6144K), 6 survivors (6144K)
 Metaspace       used 76527K, committed 77120K, reserved 1122304K
  class space    used 10118K, committed 10432K, reserved 1048576K
}
Event: 28.165 GC heap before
{Heap before GC invocations=39 (full 0):
 garbage-first heap   total 162816K, used 129005K [0x0000000080000000, 0x0000000100000000)
  region size 1024K, 45 young (46080K), 6 survivors (6144K)
 Metaspace       used 77092K, committed 77696K, reserved 1122304K
  class space    used 10187K, committed 10496K, reserved 1048576K
}
Event: 28.170 GC heap after
{Heap after GC invocations=40 (full 0):
 garbage-first heap   total 162816K, used 93019K [0x0000000080000000, 0x0000000100000000)
  region size 1024K, 6 young (6144K), 6 survivors (6144K)
 Metaspace       used 77092K, committed 77696K, reserved 1122304K
  class space    used 10187K, committed 10496K, reserved 1048576K
}
Event: 28.445 GC heap before
{Heap before GC invocations=41 (full 0):
 garbage-first heap   total 176128K, used 129883K [0x0000000080000000, 0x0000000100000000)
  region size 1024K, 42 young (43008K), 6 survivors (6144K)
 Metaspace       used 77112K, committed 77696K, reserved 1122304K
  class space    used 10187K, committed 10496K, reserved 1048576K
}
Event: 28.449 GC heap after
{Heap after GC invocations=42 (full 0):
 garbage-first heap   total 176128K, used 94950K [0x0000000080000000, 0x0000000100000000)
  region size 1024K, 5 young (5120K), 5 survivors (5120K)
 Metaspace       used 77112K, committed 77696K, reserved 1122304K
  class space    used 10187K, committed 10496K, reserved 1048576K
}
Event: 29.604 GC heap before
{Heap before GC invocations=42 (full 0):
 garbage-first heap   total 176128K, used 138982K [0x0000000080000000, 0x0000000100000000)
  region size 1024K, 49 young (50176K), 5 survivors (5120K)
 Metaspace       used 77576K, committed 78208K, reserved 1122304K
  class space    used 10253K, committed 10560K, reserved 1048576K
}
Event: 29.608 GC heap after
{Heap after GC invocations=43 (full 0):
 garbage-first heap   total 176128K, used 98047K [0x0000000080000000, 0x0000000100000000)
  region size 1024K, 6 young (6144K), 6 survivors (6144K)
 Metaspace       used 77576K, committed 78208K, reserved 1122304K
  class space    used 10253K, committed 10560K, reserved 1048576K
}
Event: 30.067 GC heap before
{Heap before GC invocations=44 (full 0):
 garbage-first heap   total 176128K, used 140031K [0x0000000080000000, 0x0000000100000000)
  region size 1024K, 48 young (49152K), 6 survivors (6144K)
 Metaspace       used 82656K, committed 83264K, reserved 1122304K
  class space    used 10898K, committed 11200K, reserved 1048576K
}
Event: 30.087 GC heap after
{Heap after GC invocations=45 (full 0):
 garbage-first heap   total 176128K, used 102416K [0x0000000080000000, 0x0000000100000000)
  region size 1024K, 5 young (5120K), 5 survivors (5120K)
 Metaspace       used 82656K, committed 83264K, reserved 1122304K
  class space    used 10898K, committed 11200K, reserved 1048576K
}
Event: 30.359 GC heap before
{Heap before GC invocations=45 (full 0):
 garbage-first heap   total 176128K, used 105488K [0x0000000080000000, 0x0000000100000000)
  region size 1024K, 8 young (8192K), 5 survivors (5120K)
 Metaspace       used 82734K, committed 83328K, reserved 1122304K
  class space    used 10914K, committed 11200K, reserved 1048576K
}
Event: 30.368 GC heap after
{Heap after GC invocations=46 (full 0):
 garbage-first heap   total 176128K, used 96165K [0x0000000080000000, 0x0000000100000000)
  region size 1024K, 1 young (1024K), 1 survivors (1024K)
 Metaspace       used 82734K, committed 83328K, reserved 1122304K
  class space    used 10914K, committed 11200K, reserved 1048576K
}
Event: 34.418 GC heap before
{Heap before GC invocations=46 (full 0):
 garbage-first heap   total 176128K, used 141221K [0x0000000080000000, 0x0000000100000000)
  region size 1024K, 45 young (46080K), 1 survivors (1024K)
 Metaspace       used 84391K, committed 84928K, reserved 1122304K
  class space    used 11138K, committed 11392K, reserved 1048576K
}
Event: 34.421 GC heap after
{Heap after GC invocations=47 (full 0):
 garbage-first heap   total 221184K, used 96173K [0x0000000080000000, 0x0000000100000000)
  region size 1024K, 1 young (1024K), 1 survivors (1024K)
 Metaspace       used 84391K, committed 84928K, reserved 1122304K
  class space    used 11138K, committed 11392K, reserved 1048576K
}
Event: 35.628 GC heap before
{Heap before GC invocations=48 (full 0):
 garbage-first heap   total 221184K, used 173997K [0x0000000080000000, 0x0000000100000000)
  region size 1024K, 78 young (79872K), 1 survivors (1024K)
 Metaspace       used 84637K, committed 85248K, reserved 1130496K
  class space    used 11167K, committed 11456K, reserved 1048576K
}
Event: 35.634 GC heap after
{Heap after GC invocations=49 (full 0):
 garbage-first heap   total 221184K, used 102632K [0x0000000080000000, 0x0000000100000000)
  region size 1024K, 8 young (8192K), 8 survivors (8192K)
 Metaspace       used 84637K, committed 85248K, reserved 1130496K
  class space    used 11167K, committed 11456K, reserved 1048576K
}
Event: 61.271 GC heap before
{Heap before GC invocations=49 (full 0):
 garbage-first heap   total 221184K, used 176360K [0x0000000080000000, 0x0000000100000000)
  region size 1024K, 81 young (82944K), 8 survivors (8192K)
 Metaspace       used 88513K, committed 89152K, reserved 1130496K
  class space    used 11487K, committed 11776K, reserved 1048576K
}
Event: 61.292 GC heap after
{Heap after GC invocations=50 (full 0):
 garbage-first heap   total 221184K, used 107653K [0x0000000080000000, 0x0000000100000000)
  region size 1024K, 8 young (8192K), 8 survivors (8192K)
 Metaspace       used 88513K, committed 89152K, reserved 1130496K
  class space    used 11487K, committed 11776K, reserved 1048576K
}
Event: 62.781 GC heap before
{Heap before GC invocations=50 (full 0):
 garbage-first heap   total 221184K, used 176261K [0x0000000080000000, 0x0000000100000000)
  region size 1024K, 76 young (77824K), 8 survivors (8192K)
 Metaspace       used 88942K, committed 89536K, reserved 1130496K
  class space    used 11494K, committed 11776K, reserved 1048576K
}
Event: 62.790 GC heap after
{Heap after GC invocations=51 (full 0):
 garbage-first heap   total 221184K, used 112424K [0x0000000080000000, 0x0000000100000000)
  region size 1024K, 5 young (5120K), 5 survivors (5120K)
 Metaspace       used 88942K, committed 89536K, reserved 1130496K
  class space    used 11494K, committed 11776K, reserved 1048576K
}

Deoptimization events (20 events):
Event: 62.883 Thread 0x00000166ef433af0 Uncommon trap: trap_request=0xffffffbe fr.pc=0x00000166d7510b00 relative=0x0000000000000260
Event: 62.883 Thread 0x00000166ef433af0 Uncommon trap: reason=profile_predicate action=maybe_recompile pc=0x00000166d7510b00 method=java.util.HashMap.keysToArray([Ljava/lang/Object;)[Ljava/lang/Object; @ 36 c2
Event: 62.883 Thread 0x00000166ef433af0 DEOPT PACKING pc=0x00000166d7510b00 sp=0x0000001d8b3f8740
Event: 62.883 Thread 0x00000166ef433af0 DEOPT UNPACKING pc=0x00000166cf41f92e sp=0x0000001d8b3f86e0 mode 2
Event: 62.883 Thread 0x00000166ef433af0 Uncommon trap: trap_request=0xffffffbe fr.pc=0x00000166d7510b00 relative=0x0000000000000260
Event: 62.883 Thread 0x00000166ef433af0 Uncommon trap: reason=profile_predicate action=maybe_recompile pc=0x00000166d7510b00 method=java.util.HashMap.keysToArray([Ljava/lang/Object;)[Ljava/lang/Object; @ 36 c2
Event: 62.883 Thread 0x00000166ef433af0 DEOPT PACKING pc=0x00000166d7510b00 sp=0x0000001d8b3f8700
Event: 62.883 Thread 0x00000166ef433af0 DEOPT UNPACKING pc=0x00000166cf41f92e sp=0x0000001d8b3f86a0 mode 2
Event: 62.915 Thread 0x00000166ef433af0 Uncommon trap: trap_request=0xffffffbe fr.pc=0x00000166d7510b00 relative=0x0000000000000260
Event: 62.915 Thread 0x00000166ef433af0 Uncommon trap: reason=profile_predicate action=maybe_recompile pc=0x00000166d7510b00 method=java.util.HashMap.keysToArray([Ljava/lang/Object;)[Ljava/lang/Object; @ 36 c2
Event: 62.915 Thread 0x00000166ef433af0 DEOPT PACKING pc=0x00000166d7510b00 sp=0x0000001d8b3f8740
Event: 62.915 Thread 0x00000166ef433af0 DEOPT UNPACKING pc=0x00000166cf41f92e sp=0x0000001d8b3f86e0 mode 2
Event: 62.915 Thread 0x00000166ef433af0 Uncommon trap: trap_request=0xffffffbe fr.pc=0x00000166d7510b00 relative=0x0000000000000260
Event: 62.915 Thread 0x00000166ef433af0 Uncommon trap: reason=profile_predicate action=maybe_recompile pc=0x00000166d7510b00 method=java.util.HashMap.keysToArray([Ljava/lang/Object;)[Ljava/lang/Object; @ 36 c2
Event: 62.915 Thread 0x00000166ef433af0 DEOPT PACKING pc=0x00000166d7510b00 sp=0x0000001d8b3f8700
Event: 62.915 Thread 0x00000166ef433af0 DEOPT UNPACKING pc=0x00000166cf41f92e sp=0x0000001d8b3f86a0 mode 2
Event: 62.967 Thread 0x00000166ef433af0 Uncommon trap: trap_request=0xffffffbe fr.pc=0x00000166d7507e44 relative=0x0000000000000324
Event: 62.968 Thread 0x00000166ef433af0 Uncommon trap: reason=profile_predicate action=maybe_recompile pc=0x00000166d7507e44 method=java.util.HashMap.keysToArray([Ljava/lang/Object;)[Ljava/lang/Object; @ 32 c2
Event: 62.968 Thread 0x00000166ef433af0 DEOPT PACKING pc=0x00000166d7507e44 sp=0x0000001d8b3f8920
Event: 62.968 Thread 0x00000166ef433af0 DEOPT UNPACKING pc=0x00000166cf41f92e sp=0x0000001d8b3f88d0 mode 2

Classes unloaded (0 events):
No events

Classes redefined (0 events):
No events

Internal exceptions (20 events):
Event: 64.160 Thread 0x00000166ef433af0 Exception <a 'sun/nio/fs/WindowsException'{0x000000008cde5368}> (0x000000008cde5368) 
thrown [t:\workspace\open\src\hotspot\share\prims\jni.cpp, line 579]
Event: 64.161 Thread 0x00000166ef433af0 Exception <a 'sun/nio/fs/WindowsException'{0x000000008cde9000}> (0x000000008cde9000) 
thrown [t:\workspace\open\src\hotspot\share\prims\jni.cpp, line 579]
Event: 64.161 Thread 0x00000166ef433af0 Exception <a 'sun/nio/fs/WindowsException'{0x000000008cdecc38}> (0x000000008cdecc38) 
thrown [t:\workspace\open\src\hotspot\share\prims\jni.cpp, line 579]
Event: 64.162 Thread 0x00000166ef433af0 Exception <a 'sun/nio/fs/WindowsException'{0x000000008cdf08a8}> (0x000000008cdf08a8) 
thrown [t:\workspace\open\src\hotspot\share\prims\jni.cpp, line 579]
Event: 64.163 Thread 0x00000166ef433af0 Exception <a 'sun/nio/fs/WindowsException'{0x000000008cdf4550}> (0x000000008cdf4550) 
thrown [t:\workspace\open\src\hotspot\share\prims\jni.cpp, line 579]
Event: 64.163 Thread 0x00000166ef433af0 Exception <a 'sun/nio/fs/WindowsException'{0x000000008cdf8770}> (0x000000008cdf8770) 
thrown [t:\workspace\open\src\hotspot\share\prims\jni.cpp, line 579]
Event: 64.164 Thread 0x00000166ef433af0 Exception <a 'sun/nio/fs/WindowsException'{0x000000008cdfbbe8}> (0x000000008cdfbbe8) 
thrown [t:\workspace\open\src\hotspot\share\prims\jni.cpp, line 579]
Event: 64.164 Thread 0x00000166ef433af0 Exception <a 'sun/nio/fs/WindowsException'{0x000000008cdff100}> (0x000000008cdff100) 
thrown [t:\workspace\open\src\hotspot\share\prims\jni.cpp, line 579]
Event: 64.165 Thread 0x00000166ef433af0 Exception <a 'sun/nio/fs/WindowsException'{0x000000008cc14928}> (0x000000008cc14928) 
thrown [t:\workspace\open\src\hotspot\share\prims\jni.cpp, line 579]
Event: 64.166 Thread 0x00000166ef433af0 Exception <a 'sun/nio/fs/WindowsException'{0x000000008cc1b820}> (0x000000008cc1b820) 
thrown [t:\workspace\open\src\hotspot\share\prims\jni.cpp, line 579]
Event: 64.166 Thread 0x00000166ef433af0 Exception <a 'sun/nio/fs/WindowsException'{0x000000008cc1ef50}> (0x000000008cc1ef50) 
thrown [t:\workspace\open\src\hotspot\share\prims\jni.cpp, line 579]
Event: 64.167 Thread 0x00000166ef433af0 Exception <a 'sun/nio/fs/WindowsException'{0x000000008cc234c8}> (0x000000008cc234c8) 
thrown [t:\workspace\open\src\hotspot\share\prims\jni.cpp, line 579]
Event: 64.168 Thread 0x00000166ef433af0 Exception <a 'sun/nio/fs/WindowsException'{0x000000008cc269a8}> (0x000000008cc269a8) 
thrown [t:\workspace\open\src\hotspot\share\prims\jni.cpp, line 579]
Event: 64.169 Thread 0x00000166ef433af0 Exception <a 'sun/nio/fs/WindowsException'{0x000000008cc2a050}> (0x000000008cc2a050) 
thrown [t:\workspace\open\src\hotspot\share\prims\jni.cpp, line 579]
Event: 64.170 Thread 0x00000166ef433af0 Exception <a 'sun/nio/fs/WindowsException'{0x000000008cc2f058}> (0x000000008cc2f058) 
thrown [t:\workspace\open\src\hotspot\share\prims\jni.cpp, line 579]
Event: 64.173 Thread 0x00000166ef433af0 Exception <a 'sun/nio/fs/WindowsException'{0x000000008cc348f0}> (0x000000008cc348f0) 
thrown [t:\workspace\open\src\hotspot\share\prims\jni.cpp, line 579]
Event: 64.174 Thread 0x00000166ef433af0 Exception <a 'sun/nio/fs/WindowsException'{0x000000008cc38270}> (0x000000008cc38270) 
thrown [t:\workspace\open\src\hotspot\share\prims\jni.cpp, line 579]
Event: 64.175 Thread 0x00000166ef433af0 Exception <a 'sun/nio/fs/WindowsException'{0x000000008cc3c638}> (0x000000008cc3c638) 
thrown [t:\workspace\open\src\hotspot\share\prims\jni.cpp, line 579]
Event: 64.176 Thread 0x00000166ef433af0 Exception <a 'sun/nio/fs/WindowsException'{0x000000008cc401a0}> (0x000000008cc401a0) 
thrown [t:\workspace\open\src\hotspot\share\prims\jni.cpp, line 579]
Event: 64.184 Thread 0x00000166ef433af0 Exception <a 'java/lang/reflect/InvocationTargetException'{0x000000008cc4f258}> (0x000000008cc4f258) 
thrown [t:\workspace\open\src\hotspot\share\runtime\reflection.cpp, line 1157]

Events (20 events):
Event: 61.735 Executing  VM operation: HandshakeAllThreads done
Event: 61.737 Thread 0x00000166e5d14520 flushing nmethod 0x00000166d7343c90
Event: 61.737 Thread 0x00000166e5d14520 flushing nmethod 0x00000166d7352c90
Event: 61.747 Thread 0x00000166e5d14520 flushing nmethod 0x00000166d05a0810
Event: 61.751 Executing  VM operation: ICBufferFull
Event: 61.751 Executing  VM operation: ICBufferFull done
Event: 62.781 Executing  VM operation: G1CollectForAllocation
Event: 62.790 Executing  VM operation: G1CollectForAllocation done
Event: 62.884 Executing  VM operation: G1Concurrent
Event: 62.893 Executing  VM operation: G1Concurrent done
Event: 62.956 Executing  VM operation: G1Concurrent
Event: 62.957 Executing  VM operation: G1Concurrent done
Event: 63.018 Thread 0x00000166ef439a90 Thread added: 0x00000166ef439a90
Event: 63.252 Thread 0x00000166ef439a90 Thread exited: 0x00000166ef439a90
Event: 63.265 Thread 0x00000166ef434ae0 Thread added: 0x00000166ef434ae0
Event: 63.469 Thread 0x00000166ef434ae0 Thread exited: 0x00000166ef434ae0
Event: 63.679 Thread 0x00000166ef435ad0 Thread added: 0x00000166ef435ad0
Event: 63.887 Thread 0x00000166ef435ad0 Thread exited: 0x00000166ef435ad0
Event: 63.963 Executing  VM operation: Cleanup
Event: 63.963 Executing  VM operation: Cleanup done


Dynamic libraries:
0x00007ff7ac730000 - 0x00007ff7ac73e000 	C:\Users\55119\.jdks\openjdk-16.0.2\bin\java.exe
0x00007ffb89be0000 - 0x00007ffb89de9000 	C:\WINDOWS\SYSTEM32\ntdll.dll
0x00007ffb87b20000 - 0x00007ffb87bdd000 	C:\WINDOWS\System32\KERNEL32.DLL
0x00007ffb87230000 - 0x00007ffb875a9000 	C:\WINDOWS\System32\KERNELBASE.dll
0x00007ffb877f0000 - 0x00007ffb87901000 	C:\WINDOWS\System32\ucrtbase.dll
0x00007ffb69df0000 - 0x00007ffb69e08000 	C:\Users\55119\.jdks\openjdk-16.0.2\bin\jli.dll
0x00007ffb69dd0000 - 0x00007ffb69de9000 	C:\Users\55119\.jdks\openjdk-16.0.2\bin\VCRUNTIME140.dll
0x00007ffb888c0000 - 0x00007ffb88a6c000 	C:\WINDOWS\System32\USER32.dll
0x00007ffb876a0000 - 0x00007ffb876c6000 	C:\WINDOWS\System32\win32u.dll
0x00007ffb79040000 - 0x00007ffb792e5000 	C:\WINDOWS\WinSxS\amd64_microsoft.windows.common-controls_6595b64144ccf1df_6.0.22000.120_none_9d947278b86cc467\COMCTL32.dll
0x00007ffb89700000 - 0x00007ffb897a3000 	C:\WINDOWS\System32\msvcrt.dll
0x00007ffb897b0000 - 0x00007ffb897d9000 	C:\WINDOWS\System32\GDI32.dll
0x00007ffb876d0000 - 0x00007ffb877e2000 	C:\WINDOWS\System32\gdi32full.dll
0x00007ffb87190000 - 0x00007ffb8722d000 	C:\WINDOWS\System32\msvcp_win.dll
0x00007ffb87ae0000 - 0x00007ffb87b11000 	C:\WINDOWS\System32\IMM32.DLL
0x00007ffb80c70000 - 0x00007ffb80c7c000 	C:\Users\55119\.jdks\openjdk-16.0.2\bin\vcruntime140_1.dll
0x00007ffb67230000 - 0x00007ffb672c1000 	C:\Users\55119\.jdks\openjdk-16.0.2\bin\msvcp140.dll
0x00007ffb38a10000 - 0x00007ffb395bb000 	C:\Users\55119\.jdks\openjdk-16.0.2\bin\server\jvm.dll
0x00007ffb88500000 - 0x00007ffb885ae000 	C:\WINDOWS\System32\ADVAPI32.dll
0x00007ffb87be0000 - 0x00007ffb87c7e000 	C:\WINDOWS\System32\sechost.dll
0x00007ffb887a0000 - 0x00007ffb888c0000 	C:\WINDOWS\System32\RPCRT4.dll
0x00007ffb88100000 - 0x00007ffb88108000 	C:\WINDOWS\System32\PSAPI.DLL
0x00007ffb7da80000 - 0x00007ffb7dab3000 	C:\WINDOWS\SYSTEM32\WINMM.dll
0x00007ffb7cd20000 - 0x00007ffb7cd2a000 	C:\WINDOWS\SYSTEM32\VERSION.dll
0x00007ffb80b50000 - 0x00007ffb80b59000 	C:\WINDOWS\SYSTEM32\WSOCK32.dll
0x00007ffb88090000 - 0x00007ffb880ff000 	C:\WINDOWS\System32\WS2_32.dll
0x00007ffb862c0000 - 0x00007ffb862d8000 	C:\WINDOWS\SYSTEM32\kernel.appcore.dll
0x00007ffb7eb40000 - 0x00007ffb7eb4a000 	C:\Users\55119\.jdks\openjdk-16.0.2\bin\jimage.dll
0x00007ffb84c00000 - 0x00007ffb84e21000 	C:\WINDOWS\SYSTEM32\DBGHELP.DLL
0x00007ffb6c000000 - 0x00007ffb6c031000 	C:\WINDOWS\SYSTEM32\dbgcore.DLL
0x00007ffb875b0000 - 0x00007ffb8762f000 	C:\WINDOWS\System32\bcryptPrimitives.dll
0x00007ffb69d60000 - 0x00007ffb69d85000 	C:\Users\55119\.jdks\openjdk-16.0.2\bin\java.dll
0x00007ffb88ae0000 - 0x00007ffb8928f000 	C:\WINDOWS\System32\SHELL32.dll
0x00007ffb85240000 - 0x00007ffb85aa8000 	C:\WINDOWS\SYSTEM32\windows.storage.dll
0x00007ffb87c80000 - 0x00007ffb87ff8000 	C:\WINDOWS\System32\combase.dll
0x00007ffb850d0000 - 0x00007ffb85236000 	C:\WINDOWS\SYSTEM32\wintypes.dll
0x00007ffb88110000 - 0x00007ffb881fa000 	C:\WINDOWS\System32\SHCORE.dll
0x00007ffb89880000 - 0x00007ffb898dd000 	C:\WINDOWS\System32\shlwapi.dll
0x00007ffb87000000 - 0x00007ffb87021000 	C:\WINDOWS\SYSTEM32\profapi.dll
0x00007ffb69d40000 - 0x00007ffb69d59000 	C:\Users\55119\.jdks\openjdk-16.0.2\bin\net.dll
0x00007ffb7f470000 - 0x00007ffb7f57c000 	C:\WINDOWS\SYSTEM32\WINHTTP.dll
0x00007ffb866f0000 - 0x00007ffb86757000 	C:\WINDOWS\system32\mswsock.dll
0x00007ffb68f90000 - 0x00007ffb68fa3000 	C:\Users\55119\.jdks\openjdk-16.0.2\bin\nio.dll
0x00007ffb68f70000 - 0x00007ffb68f88000 	C:\Users\55119\.jdks\openjdk-16.0.2\bin\zip.dll
0x00007ffb6eae0000 - 0x00007ffb6eaf0000 	C:\Users\55119\.jdks\openjdk-16.0.2\bin\verify.dll
0x00007ffb69ec0000 - 0x00007ffb69ee7000 	C:\Users\55119\.gradle\native\8bec1ad78214c89d9ad589b4d07fe93259594b29d510b10fafb7a158f7737e5d\windows-amd64\native-platform.dll
0x00007ffb68680000 - 0x00007ffb687bd000 	C:\Users\55119\.gradle\native\53dbd7edfb1c66fb8903c78663c9afc45aea4f116125fa6feffd364cf09443e8\windows-amd64\native-platform-file-events.dll
0x00007ffb6d980000 - 0x00007ffb6d989000 	C:\Users\55119\.jdks\openjdk-16.0.2\bin\management.dll
0x00007ffb6abf0000 - 0x00007ffb6abfb000 	C:\Users\55119\.jdks\openjdk-16.0.2\bin\management_ext.dll
0x00007ffb86930000 - 0x00007ffb86948000 	C:\WINDOWS\SYSTEM32\CRYPTSP.dll
0x00007ffb861b0000 - 0x00007ffb861e5000 	C:\WINDOWS\system32\rsaenh.dll
0x00007ffb867e0000 - 0x00007ffb86809000 	C:\WINDOWS\SYSTEM32\USERENV.dll
0x00007ffb86ab0000 - 0x00007ffb86ad7000 	C:\WINDOWS\SYSTEM32\bcrypt.dll
0x00007ffb86950000 - 0x00007ffb8695c000 	C:\WINDOWS\SYSTEM32\CRYPTBASE.dll
0x00007ffb85cf0000 - 0x00007ffb85d1d000 	C:\WINDOWS\SYSTEM32\IPHLPAPI.DLL
0x00007ffb88a70000 - 0x00007ffb88a79000 	C:\WINDOWS\System32\NSI.dll
0x00007ffb7dac0000 - 0x00007ffb7dad9000 	C:\WINDOWS\SYSTEM32\dhcpcsvc6.DLL
0x00007ffb7e4a0000 - 0x00007ffb7e4be000 	C:\WINDOWS\SYSTEM32\dhcpcsvc.DLL
0x00007ffb85d20000 - 0x00007ffb85e08000 	C:\WINDOWS\SYSTEM32\DNSAPI.dll
0x00007ffb6ab40000 - 0x00007ffb6ab4e000 	C:\Users\55119\.jdks\openjdk-16.0.2\bin\sunmscapi.dll
0x00007ffb87910000 - 0x00007ffb87a72000 	C:\WINDOWS\System32\CRYPT32.dll
0x00007ffb86a80000 - 0x00007ffb86aa8000 	C:\WINDOWS\SYSTEM32\ncrypt.dll
0x00007ffb86a40000 - 0x00007ffb86a77000 	C:\WINDOWS\SYSTEM32\NTASN1.dll
0x00007ffb6a550000 - 0x00007ffb6a558000 	C:\WINDOWS\system32\wshunix.dll
0x00007ffb6d3e0000 - 0x00007ffb6d3fe000 	C:\Users\55119\AppData\Local\Temp\native-platform13021200329078957028dir\native-platform.dll
0x00007ffb6bfe0000 - 0x00007ffb6bff7000 	C:\WINDOWS\system32\napinsp.dll
0x00007ffb6bfc0000 - 0x00007ffb6bfdb000 	C:\WINDOWS\system32\pnrpnsp.dll
0x00007ffb6c480000 - 0x00007ffb6c492000 	C:\WINDOWS\System32\winrnr.dll
0x00007ffb7c470000 - 0x00007ffb7c485000 	C:\WINDOWS\system32\wshbth.dll
0x00007ffb6c430000 - 0x00007ffb6c44f000 	C:\WINDOWS\system32\nlansp_c.dll
0x00007ffb7c710000 - 0x00007ffb7c71a000 	C:\Windows\System32\rasadhlp.dll
0x00007ffb7af80000 - 0x00007ffb7b001000 	C:\WINDOWS\System32\fwpuclnt.dll

dbghelp: loaded successfully - version: 4.0.5 - missing functions: none
symbol engine: initialized successfully - sym options: 0x614 - pdb path: .;C:\Users\55119\.jdks\openjdk-16.0.2\bin;C:\WINDOWS\SYSTEM32;C:\WINDOWS\WinSxS\amd64_microsoft.windows.common-controls_6595b64144ccf1df_6.0.22000.120_none_9d947278b86cc467;C:\Users\55119\.jdks\openjdk-16.0.2\bin\server;C:\Users\55119\.gradle\native\8bec1ad78214c89d9ad589b4d07fe93259594b29d510b10fafb7a158f7737e5d\windows-amd64;C:\Users\55119\.gradle\native\53dbd7edfb1c66fb8903c78663c9afc45aea4f116125fa6feffd364cf09443e8\windows-amd64;C:\Users\55119\AppData\Local\Temp\native-platform13021200329078957028dir

VM Arguments:
jvm_args: --add-opens=java.base/java.util=ALL-UNNAMED --add-opens=java.base/java.lang=ALL-UNNAMED --add-opens=java.base/java.lang.invoke=ALL-UNNAMED --add-opens=java.base/java.util=ALL-UNNAMED --add-opens=java.prefs/java.util.prefs=ALL-UNNAMED --add-opens=java.prefs/java.util.prefs=ALL-UNNAMED --add-opens=java.base/java.nio.charset=ALL-UNNAMED --add-opens=java.base/java.net=ALL-UNNAMED --add-opens=java.base/java.util.concurrent.atomic=ALL-UNNAMED -Xmx2048m -Dfile.encoding=UTF-8 -Duser.country=BR -Duser.language=pt -Duser.variant 
java_command: org.gradle.launcher.daemon.bootstrap.GradleDaemon 7.0.2
java_class_path (initial): C:\Users\55119\.gradle\wrapper\dists\gradle-7.0.2-bin\857tjihv64xamwrf0h14cai3r\gradle-7.0.2\lib\gradle-launcher-7.0.2.jar
Launcher Type: SUN_STANDARD

[Global flags]
     intx CICompilerCount                          = 4                                         {product} {ergonomic}
     uint ConcGCThreads                            = 2                                         {product} {ergonomic}
     uint G1ConcRefinementThreads                  = 8                                         {product} {ergonomic}
   size_t G1HeapRegionSize                         = 1048576                                   {product} {ergonomic}
    uintx GCDrainStackTargetSize                   = 64                                        {product} {ergonomic}
   size_t InitialHeapSize                          = 130023424                                 {product} {ergonomic}
   size_t MarkStackSize                            = 4194304                                   {product} {ergonomic}
   size_t MaxHeapSize                              = 2147483648                                {product} {command line}
   size_t MaxNewSize                               = 1287651328                                {product} {ergonomic}
   size_t MinHeapDeltaBytes                        = 1048576                                   {product} {ergonomic}
   size_t MinHeapSize                              = 8388608                                   {product} {ergonomic}
    uintx NonNMethodCodeHeapSize                   = 5839372                                {pd product} {ergonomic}
    uintx NonProfiledCodeHeapSize                  = 122909434                              {pd product} {ergonomic}
    uintx ProfiledCodeHeapSize                     = 122909434                              {pd product} {ergonomic}
    uintx ReservedCodeCacheSize                    = 251658240                              {pd product} {ergonomic}
     bool SegmentedCodeCache                       = true                                      {product} {ergonomic}
   size_t SoftMaxHeapSize                          = 2147483648                             {manageable} {ergonomic}
     bool UseCompressedClassPointers               = true                           {product lp64_product} {ergonomic}
     bool UseCompressedOops                        = true                           {product lp64_product} {ergonomic}
     bool UseG1GC                                  = true                                      {product} {ergonomic}
     bool UseLargePagesIndividualAllocation        = false                                  {pd product} {ergonomic}

Logging:
Log output configuration:
 #0: stdout all=warning uptime,level,tags
 #1: stderr all=off uptime,level,tags

Environment Variables:
PATH=C:\Program Files\Common Files\Oracle\Java\javapath;C:\WINDOWS\system32;C:\WINDOWS;C:\WINDOWS\System32\Wbem;C:\WINDOWS\System32\WindowsPowerShell\v1.0\;C:\WINDOWS\System32\OpenSSH\;C:\Program Files\Git\cmd;C:\Program Files\dotnet\;C:\Program Files\Microsoft SQL Server\150\Tools\Binn\;C:\ProgramData\UNIVALI\Portugol Studio;C:\Users\55119\AppData\Local\Microsoft\WindowsApps;;C:\Users\55119\AppData\Local\Programs\Microsoft VS Code\bin;C:\Users\55119\.dotnet\tools
USERNAME=55119
OS=Windows_NT
PROCESSOR_IDENTIFIER=Intel64 Family 6 Model 140 Stepping 1, GenuineIntel



---------------  S Y S T E M  ---------------

OS:
 Windows 10 , 64 bit Build 22000 (10.0.22000.675)
OS uptime: 10 days 5:19 hours

CPU: total 8 (initial active 8) (4 cores per cpu, 2 threads per core) family 6 model 140 stepping 1 microcode 0x8a, cx8, cmov, fxsr, ht, mmx, 3dnowpref, sse, sse2, sse3, ssse3, sse4.1, sse4.2, popcnt, lzcnt, tsc, tscinvbit, avx, avx2, aes, erms, clmul, bmi1, bmi2, adx, avx512f, avx512dq, avx512cd, avx512bw, avx512vl, sha, fma, vzeroupper, avx512_vpopcntdq, avx512_vpclmulqdq, avx512_vaes, avx512_vnni, clflush, clflushopt, clwb, avx512_vmbi2, avx512_vmbi

Memory: 4k page, system-wide physical 7915M (324M free)
TotalPageFile size 32491M (AvailPageFile size 4M)
current process WorkingSet (physical memory assigned to process): 460M, peak: 461M
current process commit charge ("private bytes"): 501M, peak: 504M

vm_info: OpenJDK 64-Bit Server VM (16.0.2+7-67) for windows-amd64 JRE (16.0.2+7-67), built on Jun  8 2021 23:21:43 by "mach5one" with MS VC++ 16.7 (VS2019)

END.
