#
# There is insufficient memory for the Java Runtime Environment to continue.
# Native memory allocation (malloc) failed to allocate 1130816 bytes for Chunk::new
# Possible reasons:
#   The system is out of physical RAM or swap space
#   The process is running with CompressedOops enabled, and the Java Heap may be blocking the growth of the native heap
# Possible solutions:
#   Reduce memory load on the system
#   Increase physical memory or swap space
#   Check if swap backing store is full
#   Decrease Java heap size (-Xmx/-Xms)
#   Decrease number of Java threads
#   Decrease Java thread stack sizes (-Xss)
#   Set larger code cache with -XX:ReservedCodeCacheSize=
#   JVM is running with Unscaled Compressed Oops mode in which the Java heap is
#     placed in the first 4GB address space. The Java Heap base address is the
#     maximum limit for the native heap growth. Please use -XX:HeapBaseMinAddress
#     to set the Java Heap base and to place the Java Heap above 4GB virtual address.
# This output file may be truncated or incomplete.
#
#  Out of Memory Error (arena.cpp:195), pid=107336, tid=116412
#
# JRE version: OpenJDK Runtime Environment (16.0.2+7) (build 16.0.2+7-67)
# Java VM: OpenJDK 64-Bit Server VM (16.0.2+7-67, mixed mode, sharing, tiered, compressed oops, compressed class ptrs, g1 gc, windows-amd64)
# No core dump will be written. Minidumps are not enabled by default on client versions of Windows
#

---------------  S U M M A R Y ------------

Command Line: --add-opens=java.base/java.util=ALL-UNNAMED --add-opens=java.base/java.lang=ALL-UNNAMED --add-opens=java.base/java.lang.invoke=ALL-UNNAMED --add-opens=java.base/java.util=ALL-UNNAMED --add-opens=java.prefs/java.util.prefs=ALL-UNNAMED --add-opens=java.prefs/java.util.prefs=ALL-UNNAMED --add-opens=java.base/java.nio.charset=ALL-UNNAMED --add-opens=java.base/java.net=ALL-UNNAMED --add-opens=java.base/java.util.concurrent.atomic=ALL-UNNAMED -Xmx2048m -Dfile.encoding=UTF-8 -Duser.country=BR -Duser.language=pt -Duser.variant org.gradle.launcher.daemon.bootstrap.GradleDaemon 7.0.2

Host: 11th Gen Intel(R) Core(TM) i5-1135G7 @ 2.40GHz, 8 cores, 7G,  Windows 10 , 64 bit Build 22000 (10.0.22000.675)
Time: Mon May 23 13:16:24 2022 Hora oficial do Brasil elapsed time: 12.423385 seconds (0d 0h 0m 12s)

---------------  T H R E A D  ---------------

Current thread (0x00000247c999d290):  JavaThread "C2 CompilerThread0" daemon [_thread_in_native, id=116412, stack(0x000000b86de00000,0x000000b86df00000)]


Current CompileTask:
C2:  12423 10418       4       com.google.common.cache.LocalCache$Segment::evictEntries (106 bytes)

Stack: [0x000000b86de00000,0x000000b86df00000]
Native frames: (J=compiled Java code, j=interpreted, Vv=VM code, C=native code)
V  [jvm.dll+0x6681ca]
V  [jvm.dll+0x7c9e69]
V  [jvm.dll+0x7cb61e]
V  [jvm.dll+0x7cbc73]
V  [jvm.dll+0x242c55]
V  [jvm.dll+0xadeba]
V  [jvm.dll+0xae45c]
V  [jvm.dll+0x35a8d7]
V  [jvm.dll+0x324de1]
V  [jvm.dll+0x32428a]
V  [jvm.dll+0x215cec]
V  [jvm.dll+0x215100]
V  [jvm.dll+0x1a1beb]
V  [jvm.dll+0x225158]
V  [jvm.dll+0x22319c]
V  [jvm.dll+0x77fa62]
V  [jvm.dll+0x7795aa]
V  [jvm.dll+0x667066]
C  [ucrtbase.dll+0x26c0c]
C  [KERNEL32.DLL+0x154e0]
C  [ntdll.dll+0x485b]


---------------  P R O C E S S  ---------------

Threads class SMR info:
_java_thread_list=0x00000247cc00d5e0, length=65, elements={
0x00000247a96f9fb0, 0x00000247c9981aa0, 0x00000247c99846b0, 0x00000247c9993a10,
0x00000247c9996730, 0x00000247c9997130, 0x00000247c9997b30, 0x00000247c999d290,
0x00000247c999e590, 0x00000247c99a1600, 0x00000247ca4ab350, 0x00000247ca4b0590,
0x00000247ca53e970, 0x00000247cc319f10, 0x00000247cc39a7e0, 0x00000247cc05dff0,
0x00000247cb7b2640, 0x00000247cb438c00, 0x00000247cc6bf3c0, 0x00000247cd0c8080,
0x00000247cb8fa1f0, 0x00000247cb8fc1d0, 0x00000247cb8fb1e0, 0x00000247cb8fbc80,
0x00000247cb8fb730, 0x00000247cb8fc720, 0x00000247cb8fcc70, 0x00000247cb8fd1c0,
0x00000247cb8fd710, 0x00000247cb8fa740, 0x00000247cb8fac90, 0x00000247cf1fdb90,
0x00000247cf1fb110, 0x00000247cf1f7150, 0x00000247cf1f9130, 0x00000247cf1feb80,
0x00000247cf1f9bd0, 0x00000247cf1f8690, 0x00000247cf1fb660, 0x00000247cf1fc650,
0x00000247cf1fc100, 0x00000247cf1fd0f0, 0x00000247cf1fe630, 0x00000247cf1f76a0,
0x00000247cf1fd640, 0x00000247cf1fe0e0, 0x00000247cf1f8140, 0x00000247cf1fbbb0,
0x00000247cf1f7bf0, 0x00000247cf1f9680, 0x00000247cf1fa120, 0x00000247cf1fa670,
0x00000247d15ae540, 0x00000247d15aea90, 0x00000247d15ad550, 0x00000247d15b0a70,
0x00000247d15ad000, 0x00000247d15affd0, 0x00000247d15b0520, 0x00000247d15b0fc0,
0x00000247d15ac560, 0x00000247d15ac010, 0x00000247d15b2a50, 0x00000247d15b2fa0,
0x00000247d15acab0
}

Java Threads: ( => current thread )
  0x00000247a96f9fb0 JavaThread "main" [_thread_blocked, id=115984, stack(0x000000b86d100000,0x000000b86d200000)]
  0x00000247c9981aa0 JavaThread "Reference Handler" daemon [_thread_blocked, id=104876, stack(0x000000b86d800000,0x000000b86d900000)]
  0x00000247c99846b0 JavaThread "Finalizer" daemon [_thread_blocked, id=109988, stack(0x000000b86d900000,0x000000b86da00000)]
  0x00000247c9993a10 JavaThread "Signal Dispatcher" daemon [_thread_blocked, id=113872, stack(0x000000b86da00000,0x000000b86db00000)]
  0x00000247c9996730 JavaThread "Attach Listener" daemon [_thread_blocked, id=92628, stack(0x000000b86db00000,0x000000b86dc00000)]
  0x00000247c9997130 JavaThread "Service Thread" daemon [_thread_blocked, id=115904, stack(0x000000b86dc00000,0x000000b86dd00000)]
  0x00000247c9997b30 JavaThread "Monitor Deflation Thread" daemon [_thread_blocked, id=113932, stack(0x000000b86dd00000,0x000000b86de00000)]
=>0x00000247c999d290 JavaThread "C2 CompilerThread0" daemon [_thread_in_native, id=116412, stack(0x000000b86de00000,0x000000b86df00000)]
  0x00000247c999e590 JavaThread "C1 CompilerThread0" daemon [_thread_blocked, id=81840, stack(0x000000b86df00000,0x000000b86e000000)]
  0x00000247c99a1600 JavaThread "Sweeper thread" daemon [_thread_blocked, id=115136, stack(0x000000b86e000000,0x000000b86e100000)]
  0x00000247ca4ab350 JavaThread "Common-Cleaner" daemon [_thread_blocked, id=55976, stack(0x000000b86e100000,0x000000b86e200000)]
  0x00000247ca4b0590 JavaThread "Notification Thread" daemon [_thread_blocked, id=104820, stack(0x000000b86e200000,0x000000b86e300000)]
  0x00000247ca53e970 JavaThread "C2 CompilerThread1" daemon [_thread_in_native, id=100232, stack(0x000000b86e400000,0x000000b86e500000)]
  0x00000247cc319f10 JavaThread "Daemon health stats" [_thread_blocked, id=109456, stack(0x000000b86ec00000,0x000000b86ed00000)]
  0x00000247cc39a7e0 JavaThread "Incoming local TCP Connector on port 60580" [_thread_in_native, id=114596, stack(0x000000b86ed00000,0x000000b86ee00000)]
  0x00000247cc05dff0 JavaThread "Daemon periodic checks" [_thread_blocked, id=115292, stack(0x000000b86ee00000,0x000000b86ef00000)]
  0x00000247cb7b2640 JavaThread "Daemon" [_thread_blocked, id=118820, stack(0x000000b86ef00000,0x000000b86f000000)]
  0x00000247cb438c00 JavaThread "Handler for socket connection from /127.0.0.1:60580 to /127.0.0.1:60581" [_thread_in_native, id=116636, stack(0x000000b86f000000,0x000000b86f100000)]
  0x00000247cc6bf3c0 JavaThread "Cancel handler" [_thread_blocked, id=107868, stack(0x000000b86f100000,0x000000b86f200000)]
  0x00000247cd0c8080 JavaThread "Daemon worker" [_thread_blocked, id=115856, stack(0x000000b86f200000,0x000000b86f300000)]
  0x00000247cb8fa1f0 JavaThread "Asynchronous log dispatcher for DefaultDaemonConnection: socket connection from /127.0.0.1:60580 to /127.0.0.1:60581" [_thread_blocked, id=114420, stack(0x000000b86f300000,0x000000b86f400000)]
  0x00000247cb8fc1d0 JavaThread "Stdin handler" [_thread_blocked, id=119068, stack(0x000000b86f400000,0x000000b86f500000)]
  0x00000247cb8fb1e0 JavaThread "Daemon client event forwarder" [_thread_blocked, id=96684, stack(0x000000b86f500000,0x000000b86f600000)]
  0x00000247cb8fbc80 JavaThread "Cache worker for file hash cache (C:\Users\55119\.gradle\caches\7.0.2\fileHashes)" [_thread_blocked, id=117764, stack(0x000000b86f600000,0x000000b86f700000)]
  0x00000247cb8fb730 JavaThread "File lock request listener" [_thread_in_native, id=115072, stack(0x000000b86f700000,0x000000b86f800000)]
  0x00000247cb8fc720 JavaThread "Cache worker for journal cache (C:\Users\55119\.gradle\caches\journal-1)" [_thread_blocked, id=113368, stack(0x000000b86f800000,0x000000b86f900000)]
  0x00000247cb8fcc70 JavaThread "Cache worker for file hash cache (C:\Users\55119\AndroidStudioProjects\Porjetos Pessoais\MoviesApp\.gradle\7.0.2\fileHashes)" [_thread_blocked, id=110624, stack(0x000000b86fb00000,0x000000b86fc00000)]
  0x00000247cb8fd1c0 JavaThread "File watcher server" daemon [_thread_in_native, id=113652, stack(0x000000b86fc00000,0x000000b86fd00000)]
  0x00000247cb8fd710 JavaThread "File watcher consumer" daemon [_thread_blocked, id=115356, stack(0x000000b86fd00000,0x000000b86fe00000)]
  0x00000247cb8fa740 JavaThread "Cache worker for checksums cache (C:\Users\55119\AndroidStudioProjects\Porjetos Pessoais\MoviesApp\.gradle\checksums)" [_thread_blocked, id=118932, stack(0x000000b86fe00000,0x000000b86ff00000)]
  0x00000247cb8fac90 JavaThread "Cache worker for cache directory md-supplier (C:\Users\55119\.gradle\caches\7.0.2\md-supplier)" [_thread_blocked, id=106164, stack(0x000000b86ff00000,0x000000b870000000)]
  0x00000247cf1fdb90 JavaThread "Cache worker for cache directory md-rule (C:\Users\55119\.gradle\caches\7.0.2\md-rule)" [_thread_blocked, id=112076, stack(0x000000b870000000,0x000000b870100000)]
  0x00000247cf1fb110 JavaThread "Cache worker for execution history cache (C:\Users\55119\.gradle\caches\7.0.2\executionHistory)" [_thread_blocked, id=118672, stack(0x000000b870100000,0x000000b870200000)]
  0x00000247cf1f7150 JavaThread "jar transforms" [_thread_blocked, id=83860, stack(0x000000b870300000,0x000000b870400000)]
  0x00000247cf1f9130 JavaThread "jar transforms Thread 2" [_thread_blocked, id=112516, stack(0x000000b870400000,0x000000b870500000)]
  0x00000247cf1feb80 JavaThread "Cache worker for file content cache (C:\Users\55119\.gradle\caches\7.0.2\fileContent)" [_thread_blocked, id=114408, stack(0x000000b870500000,0x000000b870600000)]
  0x00000247cf1f9bd0 JavaThread "Cache worker for dependencies-accessors (C:\Users\55119\AndroidStudioProjects\Porjetos Pessoais\MoviesApp\.gradle\7.0.2\dependencies-accessors)" [_thread_blocked, id=118292, stack(0x000000b870600000,0x000000b870700000)]
  0x00000247cf1f8690 JavaThread "jar transforms Thread 3" [_thread_blocked, id=104800, stack(0x000000b870700000,0x000000b870800000)]
  0x00000247cf1fb660 JavaThread "Cache worker for Build Output Cleanup Cache (C:\Users\55119\AndroidStudioProjects\Porjetos Pessoais\MoviesApp\.gradle\buildOutputCleanup)" [_thread_blocked, id=119584, stack(0x000000b870800000,0x000000b870900000)]
  0x00000247cf1fc650 JavaThread "Build operations" [_thread_blocked, id=118884, stack(0x000000b870900000,0x000000b870a00000)]
  0x00000247cf1fc100 JavaThread "Build operations Thread 2" [_thread_blocked, id=118800, stack(0x000000b870a00000,0x000000b870b00000)]
  0x00000247cf1fd0f0 JavaThread "Build operations Thread 3" [_thread_blocked, id=117020, stack(0x000000b870b00000,0x000000b870c00000)]
  0x00000247cf1fe630 JavaThread "Build operations Thread 4" [_thread_blocked, id=104760, stack(0x000000b870c00000,0x000000b870d00000)]
  0x00000247cf1f76a0 JavaThread "Build operations Thread 5" [_thread_blocked, id=118728, stack(0x000000b870d00000,0x000000b870e00000)]
  0x00000247cf1fd640 JavaThread "Build operations Thread 6" [_thread_blocked, id=112840, stack(0x000000b870e00000,0x000000b870f00000)]
  0x00000247cf1fe0e0 JavaThread "Build operations Thread 7" [_thread_blocked, id=95892, stack(0x000000b870f00000,0x000000b871000000)]
  0x00000247cf1f8140 JavaThread "Build operations Thread 8" [_thread_blocked, id=112628, stack(0x000000b871000000,0x000000b871100000)]
  0x00000247cf1fbbb0 JavaThread "jar transforms Thread 4" [_thread_blocked, id=114660, stack(0x000000b871100000,0x000000b871200000)]
  0x00000247cf1f7bf0 JavaThread "jar transforms Thread 5" [_thread_blocked, id=117460, stack(0x000000b871200000,0x000000b871300000)]
  0x00000247cf1f9680 JavaThread "jar transforms Thread 6" [_thread_blocked, id=119768, stack(0x000000b871300000,0x000000b871400000)]
  0x00000247cf1fa120 JavaThread "jar transforms Thread 7" [_thread_blocked, id=119368, stack(0x000000b871400000,0x000000b871500000)]
  0x00000247cf1fa670 JavaThread "jar transforms Thread 8" [_thread_blocked, id=118084, stack(0x000000b871500000,0x000000b871600000)]
  0x00000247d15ae540 JavaThread "Memory manager" [_thread_blocked, id=119040, stack(0x000000b86eb00000,0x000000b86ec00000)]
  0x00000247d15aea90 JavaThread "build event listener" [_thread_blocked, id=117860, stack(0x000000b871600000,0x000000b871700000)]
  0x00000247d15ad550 JavaThread "build event listener" [_thread_blocked, id=97544, stack(0x000000b871700000,0x000000b871800000)]
  0x00000247d15b0a70 JavaThread "pool-3-thread-1" [_thread_blocked, id=113104, stack(0x000000b871800000,0x000000b871900000)]
  0x00000247d15ad000 JavaThread "build event listener" [_thread_blocked, id=119640, stack(0x000000b871900000,0x000000b871a00000)]
  0x00000247d15affd0 JavaThread "Execution worker for ':'" [_thread_blocked, id=104768, stack(0x000000b871a00000,0x000000b871b00000)]
  0x00000247d15b0520 JavaThread "Execution worker for ':' Thread 2" [_thread_blocked, id=118944, stack(0x000000b871b00000,0x000000b871c00000)]
  0x00000247d15b0fc0 JavaThread "Execution worker for ':' Thread 3" [_thread_blocked, id=118880, stack(0x000000b871c00000,0x000000b871d00000)]
  0x00000247d15ac560 JavaThread "Execution worker for ':' Thread 4" [_thread_blocked, id=119416, stack(0x000000b871d00000,0x000000b871e00000)]
  0x00000247d15ac010 JavaThread "Execution worker for ':' Thread 5" [_thread_blocked, id=112316, stack(0x000000b871e00000,0x000000b871f00000)]
  0x00000247d15b2a50 JavaThread "Execution worker for ':' Thread 6" [_thread_blocked, id=99340, stack(0x000000b871f00000,0x000000b872000000)]
  0x00000247d15b2fa0 JavaThread "Execution worker for ':' Thread 7" [_thread_in_Java, id=116780, stack(0x000000b872000000,0x000000b872100000)]
  0x00000247d15acab0 JavaThread "Cache worker for execution history cache (C:\Users\55119\AndroidStudioProjects\Porjetos Pessoais\MoviesApp\.gradle\7.0.2\executionHistory)" [_thread_blocked, id=103360, stack(0x000000b872100000,0x000000b872200000)]

Other Threads:
  0x00000247c9979b50 VMThread "VM Thread" [stack: 0x000000b86d700000,0x000000b86d800000] [id=105756]
  0x00000247ca4b1ac0 WatcherThread [stack: 0x000000b86e300000,0x000000b86e400000] [id=115932]
  0x00000247ab94e9f0 GCTaskThread "GC Thread#0" [stack: 0x000000b86d200000,0x000000b86d300000] [id=102564]
  0x00000247ca7fea00 GCTaskThread "GC Thread#1" [stack: 0x000000b86e500000,0x000000b86e600000] [id=115484]
  0x00000247ca7aad10 GCTaskThread "GC Thread#2" [stack: 0x000000b86e600000,0x000000b86e700000] [id=116272]
  0x00000247cb1d8200 GCTaskThread "GC Thread#3" [stack: 0x000000b86e700000,0x000000b86e800000] [id=119648]
  0x00000247ca84e7f0 GCTaskThread "GC Thread#4" [stack: 0x000000b86e800000,0x000000b86e900000] [id=114952]
  0x00000247ca84a040 GCTaskThread "GC Thread#5" [stack: 0x000000b86e900000,0x000000b86ea00000] [id=112420]
  0x00000247cc48cb70 GCTaskThread "GC Thread#6" [stack: 0x000000b86f900000,0x000000b86fa00000] [id=113016]
  0x00000247cc48bc20 GCTaskThread "GC Thread#7" [stack: 0x000000b86fa00000,0x000000b86fb00000] [id=115600]
  0x00000247ab95f8d0 ConcurrentGCThread "G1 Main Marker" [stack: 0x000000b86d300000,0x000000b86d400000] [id=102132]
  0x00000247ab960980 ConcurrentGCThread "G1 Conc#0" [stack: 0x000000b86d400000,0x000000b86d500000] [id=118172]
  0x00000247cc48bf30 ConcurrentGCThread "G1 Conc#1" [stack: 0x000000b870200000,0x000000b870300000] [id=88112]
  0x00000247ab9e9130 ConcurrentGCThread "G1 Refine#0" [stack: 0x000000b86d500000,0x000000b86d600000] [id=109420]
  0x00000247ca84e020 ConcurrentGCThread "G1 Refine#1" [stack: 0x000000b86ea00000,0x000000b86eb00000] [id=119672]
  0x00000247caa0dd30 ConcurrentGCThread "G1 Refine#2" [stack: 0x000000b872200000,0x000000b872300000] [id=119636]
  0x00000247caa0d370 ConcurrentGCThread "G1 Refine#3" [stack: 0x000000b872300000,0x000000b872400000] [id=97360]
  0x00000247caa0ea30 ConcurrentGCThread "G1 Refine#4" [stack: 0x000000b872400000,0x000000b872500000] [id=110272]
  0x00000247ab9e9a50 ConcurrentGCThread "G1 Service" [stack: 0x000000b86d600000,0x000000b86d700000] [id=89548]

Threads with active compile tasks:
C2 CompilerThread0    12469 10418       4       com.google.common.cache.LocalCache$Segment::evictEntries (106 bytes)
C1 CompilerThread0    12470 10486       3       org.gradle.internal.execution.steps.IdentityCacheStep$$Lambda$917/0x00000008015f6050::<init> (32 bytes)
C2 CompilerThread1    12470 10437       4       org.gradle.internal.snapshot.DirectorySnapshot$$Lambda$1171/0x000000080163a1d0::accept (20 bytes)

VM state: not at safepoint (normal execution)

VM Mutex/Monitor currently owned by a thread: None

Heap address: 0x0000000080000000, size: 2048 MB, Compressed Oops mode: 32-bit

CDS archive(s) mapped at: [0x0000000800000000-0x0000000800bb0000-0x0000000800bb0000), size 12255232, SharedBaseAddress: 0x0000000800000000, ArchiveRelocationMode: 0.
Compressed class space mapped at: 0x0000000800c00000-0x0000000840c00000, reserved size: 1073741824
Narrow klass base: 0x0000000800000000, Narrow klass shift: 3, Narrow klass range: 0x100000000

GC Precious Log:
 CPUs: 8 total, 8 available
 Memory: 7915M
 Large Page Support: Disabled
 NUMA Support: Disabled
 Compressed Oops: Enabled (32-bit)
 Heap Region Size: 1M
 Heap Min Capacity: 8M
 Heap Initial Capacity: 124M
 Heap Max Capacity: 2G
 Pre-touch: Disabled
 Parallel Workers: 8
 Concurrent Workers: 2
 Concurrent Refinement Workers: 8
 Periodic GC: Disabled

Heap:
 garbage-first heap   total 162816K, used 121834K [0x0000000080000000, 0x0000000100000000)
  region size 1024K, 44 young (45056K), 6 survivors (6144K)
 Metaspace       used 77075K, committed 77632K, reserved 1122304K
  class space    used 10240K, committed 10496K, reserved 1048576K

Heap Regions: E=young(eden), S=young(survivor), O=old, HS=humongous(starts), HC=humongous(continues), CS=collection set, F=free, OA=open archive, CA=closed archive, TAMS=top-at-mark-start (previous, next)
|   0|0x0000000080000000, 0x0000000080100000, 0x0000000080100000|100%| O|  |TAMS 0x0000000080100000, 0x0000000080000000| Untracked 
|   1|0x0000000080100000, 0x0000000080200000, 0x0000000080200000|100%| O|  |TAMS 0x0000000080200000, 0x0000000080100000| Untracked 
|   2|0x0000000080200000, 0x0000000080300000, 0x0000000080300000|100%| O|  |TAMS 0x0000000080300000, 0x0000000080200000| Untracked 
|   3|0x0000000080300000, 0x0000000080400000, 0x0000000080400000|100%|HS|  |TAMS 0x0000000080400000, 0x0000000080300000| Complete 
|   4|0x0000000080400000, 0x0000000080500000, 0x0000000080500000|100%|HC|  |TAMS 0x0000000080500000, 0x0000000080400000| Complete 
|   5|0x0000000080500000, 0x0000000080600000, 0x0000000080600000|100%|HC|  |TAMS 0x0000000080600000, 0x0000000080500000| Complete 
|   6|0x0000000080600000, 0x0000000080700000, 0x0000000080700000|100%| O|  |TAMS 0x0000000080700000, 0x0000000080600000| Untracked 
|   7|0x0000000080700000, 0x0000000080800000, 0x0000000080800000|100%| O|  |TAMS 0x0000000080800000, 0x0000000080700000| Untracked 
|   8|0x0000000080800000, 0x0000000080900000, 0x0000000080900000|100%| O|  |TAMS 0x0000000080900000, 0x0000000080800000| Untracked 
|   9|0x0000000080900000, 0x0000000080a00000, 0x0000000080a00000|100%| O|  |TAMS 0x0000000080a00000, 0x0000000080900000| Untracked 
|  10|0x0000000080a00000, 0x0000000080b00000, 0x0000000080b00000|100%| O|  |TAMS 0x0000000080b00000, 0x0000000080a00000| Untracked 
|  11|0x0000000080b00000, 0x0000000080c00000, 0x0000000080c00000|100%| O|  |TAMS 0x0000000080c00000, 0x0000000080b00000| Untracked 
|  12|0x0000000080c00000, 0x0000000080d00000, 0x0000000080d00000|100%| O|  |TAMS 0x0000000080d00000, 0x0000000080c00000| Untracked 
|  13|0x0000000080d00000, 0x0000000080e00000, 0x0000000080e00000|100%| O|  |TAMS 0x0000000080e00000, 0x0000000080d00000| Untracked 
|  14|0x0000000080e00000, 0x0000000080f00000, 0x0000000080f00000|100%| O|  |TAMS 0x0000000080f00000, 0x0000000080e00000| Untracked 
|  15|0x0000000080f00000, 0x0000000081000000, 0x0000000081000000|100%| O|  |TAMS 0x0000000081000000, 0x0000000080f00000| Untracked 
|  16|0x0000000081000000, 0x0000000081100000, 0x0000000081100000|100%| O|  |TAMS 0x0000000081100000, 0x0000000081000000| Untracked 
|  17|0x0000000081100000, 0x0000000081200000, 0x0000000081200000|100%| O|  |TAMS 0x0000000081200000, 0x0000000081100000| Untracked 
|  18|0x0000000081200000, 0x0000000081200000, 0x0000000081300000|  0%| F|  |TAMS 0x0000000081200000, 0x0000000081200000| Untracked 
|  19|0x0000000081300000, 0x0000000081300000, 0x0000000081400000|  0%| F|  |TAMS 0x0000000081300000, 0x0000000081300000| Untracked 
|  20|0x0000000081400000, 0x0000000081400000, 0x0000000081500000|  0%| F|  |TAMS 0x0000000081400000, 0x0000000081400000| Untracked 
|  21|0x0000000081500000, 0x0000000081600000, 0x0000000081600000|100%| O|  |TAMS 0x0000000081600000, 0x0000000081500000| Untracked 
|  22|0x0000000081600000, 0x0000000081700000, 0x0000000081700000|100%| O|  |TAMS 0x0000000081700000, 0x0000000081600000| Untracked 
|  23|0x0000000081700000, 0x0000000081800000, 0x0000000081800000|100%| O|  |TAMS 0x0000000081800000, 0x0000000081700000| Untracked 
|  24|0x0000000081800000, 0x0000000081800000, 0x0000000081900000|  0%| F|  |TAMS 0x0000000081800000, 0x0000000081800000| Untracked 
|  25|0x0000000081900000, 0x0000000081a00000, 0x0000000081a00000|100%| O|  |TAMS 0x0000000081a00000, 0x0000000081900000| Untracked 
|  26|0x0000000081a00000, 0x0000000081b00000, 0x0000000081b00000|100%|HS|  |TAMS 0x0000000081b00000, 0x0000000081a00000| Complete 
|  27|0x0000000081b00000, 0x0000000081c00000, 0x0000000081c00000|100%|HS|  |TAMS 0x0000000081c00000, 0x0000000081b00000| Complete 
|  28|0x0000000081c00000, 0x0000000081d00000, 0x0000000081d00000|100%|HS|  |TAMS 0x0000000081d00000, 0x0000000081c00000| Complete 
|  29|0x0000000081d00000, 0x0000000081e00000, 0x0000000081e00000|100%| O|  |TAMS 0x0000000081e00000, 0x0000000081d00000| Untracked 
|  30|0x0000000081e00000, 0x0000000081f00000, 0x0000000081f00000|100%| O|  |TAMS 0x0000000081f00000, 0x0000000081e00000| Untracked 
|  31|0x0000000081f00000, 0x0000000082000000, 0x0000000082000000|100%| O|  |TAMS 0x0000000082000000, 0x0000000081f00000| Untracked 
|  32|0x0000000082000000, 0x0000000082100000, 0x0000000082100000|100%| O|  |TAMS 0x0000000082100000, 0x0000000082000000| Untracked 
|  33|0x0000000082100000, 0x0000000082200000, 0x0000000082200000|100%| O|  |TAMS 0x0000000082200000, 0x0000000082100000| Untracked 
|  34|0x0000000082200000, 0x0000000082300000, 0x0000000082300000|100%|HS|  |TAMS 0x0000000082300000, 0x0000000082200000| Complete 
|  35|0x0000000082300000, 0x0000000082400000, 0x0000000082400000|100%|HC|  |TAMS 0x0000000082400000, 0x0000000082300000| Complete 
|  36|0x0000000082400000, 0x0000000082500000, 0x0000000082500000|100%|HC|  |TAMS 0x0000000082500000, 0x0000000082400000| Complete 
|  37|0x0000000082500000, 0x0000000082600000, 0x0000000082600000|100%|HS|  |TAMS 0x0000000082600000, 0x0000000082500000| Complete 
|  38|0x0000000082600000, 0x0000000082700000, 0x0000000082700000|100%|HC|  |TAMS 0x0000000082700000, 0x0000000082600000| Complete 
|  39|0x0000000082700000, 0x0000000082800000, 0x0000000082800000|100%| O|  |TAMS 0x0000000082800000, 0x0000000082700000| Untracked 
|  40|0x0000000082800000, 0x0000000082900000, 0x0000000082900000|100%| O|  |TAMS 0x0000000082900000, 0x0000000082800000| Untracked 
|  41|0x0000000082900000, 0x0000000082a00000, 0x0000000082a00000|100%| O|  |TAMS 0x0000000082a00000, 0x0000000082900000| Untracked 
|  42|0x0000000082a00000, 0x0000000082b00000, 0x0000000082b00000|100%| O|  |TAMS 0x0000000082b00000, 0x0000000082a00000| Untracked 
|  43|0x0000000082b00000, 0x0000000082c00000, 0x0000000082c00000|100%| O|  |TAMS 0x0000000082c00000, 0x0000000082b00000| Untracked 
|  44|0x0000000082c00000, 0x0000000082c00000, 0x0000000082d00000|  0%| F|  |TAMS 0x0000000082c00000, 0x0000000082c00000| Untracked 
|  45|0x0000000082d00000, 0x0000000082d00000, 0x0000000082e00000|  0%| F|  |TAMS 0x0000000082d00000, 0x0000000082d00000| Untracked 
|  46|0x0000000082e00000, 0x0000000082f00000, 0x0000000082f00000|100%| O|  |TAMS 0x0000000082f00000, 0x0000000082e00000| Untracked 
|  47|0x0000000082f00000, 0x0000000083000000, 0x0000000083000000|100%| O|  |TAMS 0x0000000083000000, 0x0000000082f00000| Untracked 
|  48|0x0000000083000000, 0x0000000083000000, 0x0000000083100000|  0%| F|  |TAMS 0x0000000083000000, 0x0000000083000000| Untracked 
|  49|0x0000000083100000, 0x0000000083100000, 0x0000000083200000|  0%| F|  |TAMS 0x0000000083100000, 0x0000000083100000| Untracked 
|  50|0x0000000083200000, 0x0000000083200000, 0x0000000083300000|  0%| F|  |TAMS 0x0000000083200000, 0x0000000083200000| Untracked 
|  51|0x0000000083300000, 0x0000000083300000, 0x0000000083400000|  0%| F|  |TAMS 0x0000000083300000, 0x0000000083300000| Untracked 
|  52|0x0000000083400000, 0x0000000083400000, 0x0000000083500000|  0%| F|  |TAMS 0x0000000083400000, 0x0000000083400000| Untracked 
|  53|0x0000000083500000, 0x0000000083500000, 0x0000000083600000|  0%| F|  |TAMS 0x0000000083500000, 0x0000000083500000| Untracked 
|  54|0x0000000083600000, 0x0000000083700000, 0x0000000083700000|100%| O|  |TAMS 0x0000000083700000, 0x0000000083600000| Untracked 
|  55|0x0000000083700000, 0x0000000083700000, 0x0000000083800000|  0%| F|  |TAMS 0x0000000083700000, 0x0000000083700000| Untracked 
|  56|0x0000000083800000, 0x0000000083900000, 0x0000000083900000|100%| O|  |TAMS 0x0000000083900000, 0x0000000083800000| Untracked 
|  57|0x0000000083900000, 0x0000000083a00000, 0x0000000083a00000|100%| O|  |TAMS 0x0000000083a00000, 0x0000000083900000| Untracked 
|  58|0x0000000083a00000, 0x0000000083b00000, 0x0000000083b00000|100%| O|  |TAMS 0x0000000083b00000, 0x0000000083a00000| Untracked 
|  59|0x0000000083b00000, 0x0000000083c00000, 0x0000000083c00000|100%| O|  |TAMS 0x0000000083c00000, 0x0000000083b00000| Untracked 
|  60|0x0000000083c00000, 0x0000000083d00000, 0x0000000083d00000|100%| O|  |TAMS 0x0000000083d00000, 0x0000000083c00000| Untracked 
|  61|0x0000000083d00000, 0x0000000083e00000, 0x0000000083e00000|100%| O|  |TAMS 0x0000000083e00000, 0x0000000083d00000| Untracked 
|  62|0x0000000083e00000, 0x0000000083f00000, 0x0000000083f00000|100%| O|  |TAMS 0x0000000083f00000, 0x0000000083e00000| Untracked 
|  63|0x0000000083f00000, 0x0000000084000000, 0x0000000084000000|100%| O|  |TAMS 0x0000000084000000, 0x0000000083f00000| Untracked 
|  64|0x0000000084000000, 0x0000000084100000, 0x0000000084100000|100%| O|  |TAMS 0x0000000084100000, 0x0000000084000000| Untracked 
|  65|0x0000000084100000, 0x0000000084200000, 0x0000000084200000|100%| O|  |TAMS 0x0000000084200000, 0x0000000084100000| Untracked 
|  66|0x0000000084200000, 0x0000000084300000, 0x0000000084300000|100%| O|  |TAMS 0x0000000084300000, 0x0000000084200000| Untracked 
|  67|0x0000000084300000, 0x0000000084400000, 0x0000000084400000|100%| O|  |TAMS 0x0000000084400000, 0x0000000084300000| Untracked 
|  68|0x0000000084400000, 0x0000000084500000, 0x0000000084500000|100%| O|  |TAMS 0x0000000084500000, 0x0000000084400000| Untracked 
|  69|0x0000000084500000, 0x0000000084500000, 0x0000000084600000|  0%| F|  |TAMS 0x0000000084500000, 0x0000000084500000| Untracked 
|  70|0x0000000084600000, 0x0000000084700000, 0x0000000084700000|100%| O|  |TAMS 0x0000000084700000, 0x0000000084600000| Untracked 
|  71|0x0000000084700000, 0x0000000084800000, 0x0000000084800000|100%| O|  |TAMS 0x0000000084800000, 0x0000000084700000| Untracked 
|  72|0x0000000084800000, 0x0000000084900000, 0x0000000084900000|100%| O|  |TAMS 0x0000000084900000, 0x0000000084800000| Untracked 
|  73|0x0000000084900000, 0x0000000084a00000, 0x0000000084a00000|100%| O|  |TAMS 0x0000000084a00000, 0x0000000084900000| Untracked 
|  74|0x0000000084a00000, 0x0000000084b00000, 0x0000000084b00000|100%| O|  |TAMS 0x0000000084b00000, 0x0000000084a00000| Untracked 
|  75|0x0000000084b00000, 0x0000000084c00000, 0x0000000084c00000|100%| O|  |TAMS 0x0000000084c00000, 0x0000000084b00000| Untracked 
|  76|0x0000000084c00000, 0x0000000084d00000, 0x0000000084d00000|100%| O|  |TAMS 0x0000000084d00000, 0x0000000084c00000| Untracked 
|  77|0x0000000084d00000, 0x0000000084e00000, 0x0000000084e00000|100%| O|  |TAMS 0x0000000084e00000, 0x0000000084d00000| Untracked 
|  78|0x0000000084e00000, 0x0000000084f00000, 0x0000000084f00000|100%| O|  |TAMS 0x0000000084f00000, 0x0000000084e00000| Untracked 
|  79|0x0000000084f00000, 0x0000000085000000, 0x0000000085000000|100%| O|  |TAMS 0x0000000085000000, 0x0000000084f00000| Untracked 
|  80|0x0000000085000000, 0x0000000085100000, 0x0000000085100000|100%| O|  |TAMS 0x0000000085100000, 0x0000000085000000| Untracked 
|  81|0x0000000085100000, 0x0000000085200000, 0x0000000085200000|100%| O|  |TAMS 0x0000000085200000, 0x0000000085100000| Untracked 
|  82|0x0000000085200000, 0x0000000085300000, 0x0000000085300000|100%| O|  |TAMS 0x0000000085300000, 0x0000000085200000| Untracked 
|  83|0x0000000085300000, 0x0000000085400000, 0x0000000085400000|100%| O|  |TAMS 0x0000000085400000, 0x0000000085300000| Untracked 
|  84|0x0000000085400000, 0x0000000085500000, 0x0000000085500000|100%| O|  |TAMS 0x0000000085500000, 0x0000000085400000| Untracked 
|  85|0x0000000085500000, 0x0000000085600000, 0x0000000085600000|100%| O|  |TAMS 0x0000000085600000, 0x0000000085500000| Untracked 
|  86|0x0000000085600000, 0x0000000085700000, 0x0000000085700000|100%| O|  |TAMS 0x0000000085700000, 0x0000000085600000| Untracked 
|  87|0x0000000085700000, 0x0000000085800000, 0x0000000085800000|100%| O|  |TAMS 0x0000000085800000, 0x0000000085700000| Untracked 
|  88|0x0000000085800000, 0x0000000085900000, 0x0000000085900000|100%| O|  |TAMS 0x0000000085900000, 0x0000000085800000| Untracked 
|  89|0x0000000085900000, 0x0000000085a00000, 0x0000000085a00000|100%| O|  |TAMS 0x0000000085a00000, 0x0000000085900000| Untracked 
|  90|0x0000000085a00000, 0x0000000085b00000, 0x0000000085b00000|100%| O|  |TAMS 0x0000000085b00000, 0x0000000085a00000| Untracked 
|  91|0x0000000085b00000, 0x0000000085bc2200, 0x0000000085c00000| 75%| O|  |TAMS 0x0000000085bc2200, 0x0000000085b00000| Untracked 
|  92|0x0000000085c00000, 0x0000000085c00000, 0x0000000085d00000|  0%| F|  |TAMS 0x0000000085c00000, 0x0000000085c00000| Untracked 
|  93|0x0000000085d00000, 0x0000000085d00000, 0x0000000085e00000|  0%| F|  |TAMS 0x0000000085d00000, 0x0000000085d00000| Untracked 
|  94|0x0000000085e00000, 0x0000000085e00000, 0x0000000085f00000|  0%| F|  |TAMS 0x0000000085e00000, 0x0000000085e00000| Untracked 
|  95|0x0000000085f00000, 0x0000000085f00000, 0x0000000086000000|  0%| F|  |TAMS 0x0000000085f00000, 0x0000000085f00000| Untracked 
|  96|0x0000000086000000, 0x0000000086000000, 0x0000000086100000|  0%| F|  |TAMS 0x0000000086000000, 0x0000000086000000| Untracked 
|  97|0x0000000086100000, 0x0000000086100000, 0x0000000086200000|  0%| F|  |TAMS 0x0000000086100000, 0x0000000086100000| Untracked 
|  98|0x0000000086200000, 0x0000000086200000, 0x0000000086300000|  0%| F|  |TAMS 0x0000000086200000, 0x0000000086200000| Untracked 
|  99|0x0000000086300000, 0x0000000086300000, 0x0000000086400000|  0%| F|  |TAMS 0x0000000086300000, 0x0000000086300000| Untracked 
| 100|0x0000000086400000, 0x0000000086400000, 0x0000000086500000|  0%| F|  |TAMS 0x0000000086400000, 0x0000000086400000| Untracked 
| 101|0x0000000086500000, 0x0000000086500000, 0x0000000086600000|  0%| F|  |TAMS 0x0000000086500000, 0x0000000086500000| Untracked 
| 102|0x0000000086600000, 0x0000000086600000, 0x0000000086700000|  0%| F|  |TAMS 0x0000000086600000, 0x0000000086600000| Untracked 
| 103|0x0000000086700000, 0x0000000086700000, 0x0000000086800000|  0%| F|  |TAMS 0x0000000086700000, 0x0000000086700000| Untracked 
| 104|0x0000000086800000, 0x0000000086800000, 0x0000000086900000|  0%| F|  |TAMS 0x0000000086800000, 0x0000000086800000| Untracked 
| 105|0x0000000086900000, 0x00000000869388b0, 0x0000000086a00000| 22%| S|CS|TAMS 0x0000000086900000, 0x0000000086900000| Complete 
| 106|0x0000000086a00000, 0x0000000086b00000, 0x0000000086b00000|100%| S|CS|TAMS 0x0000000086a00000, 0x0000000086a00000| Complete 
| 107|0x0000000086b00000, 0x0000000086c00000, 0x0000000086c00000|100%| S|CS|TAMS 0x0000000086b00000, 0x0000000086b00000| Complete 
| 108|0x0000000086c00000, 0x0000000086d00000, 0x0000000086d00000|100%| S|CS|TAMS 0x0000000086c00000, 0x0000000086c00000| Complete 
| 109|0x0000000086d00000, 0x0000000086e00000, 0x0000000086e00000|100%| S|CS|TAMS 0x0000000086d00000, 0x0000000086d00000| Complete 
| 110|0x0000000086e00000, 0x0000000086f00000, 0x0000000086f00000|100%| S|CS|TAMS 0x0000000086e00000, 0x0000000086e00000| Complete 
| 111|0x0000000086f00000, 0x0000000086f00000, 0x0000000087000000|  0%| F|  |TAMS 0x0000000086f00000, 0x0000000086f00000| Untracked 
| 112|0x0000000087000000, 0x0000000087000000, 0x0000000087100000|  0%| F|  |TAMS 0x0000000087000000, 0x0000000087000000| Untracked 
| 113|0x0000000087100000, 0x0000000087100000, 0x0000000087200000|  0%| F|  |TAMS 0x0000000087100000, 0x0000000087100000| Untracked 
| 114|0x0000000087200000, 0x0000000087200000, 0x0000000087300000|  0%| F|  |TAMS 0x0000000087200000, 0x0000000087200000| Untracked 
| 115|0x0000000087300000, 0x0000000087300000, 0x0000000087400000|  0%| F|  |TAMS 0x0000000087300000, 0x0000000087300000| Untracked 
| 116|0x0000000087400000, 0x0000000087400000, 0x0000000087500000|  0%| F|  |TAMS 0x0000000087400000, 0x0000000087400000| Untracked 
| 117|0x0000000087500000, 0x0000000087500000, 0x0000000087600000|  0%| F|  |TAMS 0x0000000087500000, 0x0000000087500000| Untracked 
| 118|0x0000000087600000, 0x0000000087600000, 0x0000000087700000|  0%| F|  |TAMS 0x0000000087600000, 0x0000000087600000| Untracked 
| 119|0x0000000087700000, 0x0000000087700000, 0x0000000087800000|  0%| F|  |TAMS 0x0000000087700000, 0x0000000087700000| Untracked 
| 120|0x0000000087800000, 0x0000000087800000, 0x0000000087900000|  0%| F|  |TAMS 0x0000000087800000, 0x0000000087800000| Untracked 
| 121|0x0000000087900000, 0x00000000879eb128, 0x0000000087a00000| 91%| E|  |TAMS 0x0000000087900000, 0x0000000087900000| Complete 
| 122|0x0000000087a00000, 0x0000000087b00000, 0x0000000087b00000|100%| E|CS|TAMS 0x0000000087a00000, 0x0000000087a00000| Complete 
| 123|0x0000000087b00000, 0x0000000087c00000, 0x0000000087c00000|100%| E|CS|TAMS 0x0000000087b00000, 0x0000000087b00000| Complete 
| 124|0x0000000087c00000, 0x0000000087d00000, 0x0000000087d00000|100%| E|CS|TAMS 0x0000000087c00000, 0x0000000087c00000| Complete 
| 125|0x0000000087d00000, 0x0000000087e00000, 0x0000000087e00000|100%| E|CS|TAMS 0x0000000087d00000, 0x0000000087d00000| Complete 
| 126|0x0000000087e00000, 0x0000000087f00000, 0x0000000087f00000|100%| E|CS|TAMS 0x0000000087e00000, 0x0000000087e00000| Complete 
| 127|0x0000000087f00000, 0x0000000088000000, 0x0000000088000000|100%| E|CS|TAMS 0x0000000087f00000, 0x0000000087f00000| Complete 
| 128|0x0000000088000000, 0x0000000088100000, 0x0000000088100000|100%| E|CS|TAMS 0x0000000088000000, 0x0000000088000000| Complete 
| 129|0x0000000088100000, 0x0000000088200000, 0x0000000088200000|100%| E|CS|TAMS 0x0000000088100000, 0x0000000088100000| Complete 
| 130|0x0000000088200000, 0x0000000088300000, 0x0000000088300000|100%| E|CS|TAMS 0x0000000088200000, 0x0000000088200000| Complete 
| 131|0x0000000088300000, 0x0000000088400000, 0x0000000088400000|100%| E|CS|TAMS 0x0000000088300000, 0x0000000088300000| Complete 
| 132|0x0000000088400000, 0x0000000088500000, 0x0000000088500000|100%| E|CS|TAMS 0x0000000088400000, 0x0000000088400000| Complete 
| 133|0x0000000088500000, 0x0000000088600000, 0x0000000088600000|100%| E|CS|TAMS 0x0000000088500000, 0x0000000088500000| Complete 
| 134|0x0000000088600000, 0x0000000088700000, 0x0000000088700000|100%| E|CS|TAMS 0x0000000088600000, 0x0000000088600000| Complete 
| 135|0x0000000088700000, 0x0000000088800000, 0x0000000088800000|100%| E|CS|TAMS 0x0000000088700000, 0x0000000088700000| Complete 
| 136|0x0000000088800000, 0x0000000088900000, 0x0000000088900000|100%| E|CS|TAMS 0x0000000088800000, 0x0000000088800000| Complete 
| 137|0x0000000088900000, 0x0000000088a00000, 0x0000000088a00000|100%| E|  |TAMS 0x0000000088900000, 0x0000000088900000| Complete 
| 138|0x0000000088a00000, 0x0000000088b00000, 0x0000000088b00000|100%| E|CS|TAMS 0x0000000088a00000, 0x0000000088a00000| Complete 
| 139|0x0000000088b00000, 0x0000000088c00000, 0x0000000088c00000|100%| E|CS|TAMS 0x0000000088b00000, 0x0000000088b00000| Complete 
| 140|0x0000000088c00000, 0x0000000088d00000, 0x0000000088d00000|100%| E|CS|TAMS 0x0000000088c00000, 0x0000000088c00000| Complete 
| 141|0x0000000088d00000, 0x0000000088e00000, 0x0000000088e00000|100%| E|CS|TAMS 0x0000000088d00000, 0x0000000088d00000| Complete 
| 142|0x0000000088e00000, 0x0000000088f00000, 0x0000000088f00000|100%| E|CS|TAMS 0x0000000088e00000, 0x0000000088e00000| Complete 
| 143|0x0000000088f00000, 0x0000000089000000, 0x0000000089000000|100%| E|CS|TAMS 0x0000000088f00000, 0x0000000088f00000| Complete 
| 144|0x0000000089000000, 0x0000000089100000, 0x0000000089100000|100%| E|CS|TAMS 0x0000000089000000, 0x0000000089000000| Complete 
| 145|0x0000000089100000, 0x0000000089200000, 0x0000000089200000|100%| E|CS|TAMS 0x0000000089100000, 0x0000000089100000| Complete 
| 146|0x0000000089200000, 0x0000000089300000, 0x0000000089300000|100%| E|CS|TAMS 0x0000000089200000, 0x0000000089200000| Complete 
| 147|0x0000000089300000, 0x0000000089400000, 0x0000000089400000|100%| E|CS|TAMS 0x0000000089300000, 0x0000000089300000| Complete 
| 148|0x0000000089400000, 0x0000000089500000, 0x0000000089500000|100%| E|CS|TAMS 0x0000000089400000, 0x0000000089400000| Complete 
| 149|0x0000000089500000, 0x0000000089600000, 0x0000000089600000|100%| E|CS|TAMS 0x0000000089500000, 0x0000000089500000| Complete 
| 150|0x0000000089600000, 0x0000000089700000, 0x0000000089700000|100%| E|CS|TAMS 0x0000000089600000, 0x0000000089600000| Complete 
| 151|0x0000000089700000, 0x0000000089800000, 0x0000000089800000|100%| E|CS|TAMS 0x0000000089700000, 0x0000000089700000| Complete 
| 152|0x0000000089800000, 0x0000000089900000, 0x0000000089900000|100%| E|CS|TAMS 0x0000000089800000, 0x0000000089800000| Complete 
| 153|0x0000000089900000, 0x0000000089a00000, 0x0000000089a00000|100%| E|CS|TAMS 0x0000000089900000, 0x0000000089900000| Complete 
| 154|0x0000000089a00000, 0x0000000089b00000, 0x0000000089b00000|100%| E|CS|TAMS 0x0000000089a00000, 0x0000000089a00000| Complete 
| 155|0x0000000089b00000, 0x0000000089c00000, 0x0000000089c00000|100%| E|CS|TAMS 0x0000000089b00000, 0x0000000089b00000| Complete 
| 156|0x0000000089c00000, 0x0000000089d00000, 0x0000000089d00000|100%| E|CS|TAMS 0x0000000089c00000, 0x0000000089c00000| Complete 
|2046|0x00000000ffe00000, 0x00000000fff00000, 0x00000000fff00000|100%| E|CS|TAMS 0x00000000ffe00000, 0x00000000ffe00000| Complete 
|2047|0x00000000fff00000, 0x0000000100000000, 0x0000000100000000|100%| E|CS|TAMS 0x00000000fff00000, 0x00000000fff00000| Complete 

Card table byte_map: [0x00000247c27b0000,0x00000247c2bb0000] _byte_map_base: 0x00000247c23b0000

Marking Bits (Prev, Next): (CMBitMap*) 0x00000247ab94ef00, (CMBitMap*) 0x00000247ab94ef40
 Prev Bits: [0x00000247c2fb0000, 0x00000247c4fb0000)
 Next Bits: [0x00000247c4fb0000, 0x00000247c6fb0000)

Polling page: 0x00000247a98e0000

Metaspace:

Usage:
  Non-class:     65.27 MB used.
      Class:     10.00 MB used.
       Both:     75.27 MB used.

Virtual space:
  Non-class space:       72.00 MB reserved,      65.56 MB ( 91%) committed,  9 nodes.
      Class space:        1.00 GB reserved,      10.25 MB (  1%) committed,  1 nodes.
              Both:        1.07 GB reserved,      75.81 MB (  7%) committed. 

Chunk freelists:
   Non-Class:  1.62 MB
       Class:  1.69 MB
        Both:  3.31 MB

MaxMetaspaceSize: 17179869184.00 GB
CompressedClassSpaceSize: 1.00 GB
 - commit_granule_bytes: 65536.
 - commit_granule_words: 8192.
 - virtual_space_node_default_size: 1048576.
 - enlarge_chunks_in_place: 1.
 - new_chunks_are_fully_committed: 0.
 - uncommit_free_chunks: 1.
 - use_allocation_guard: 0.
 - handle_deallocations: 1.


Internal statistics:

num_allocs_failed_limit: 6.
num_arena_births: 736.
num_arena_deaths: 14.
num_vsnodes_births: 10.
num_vsnodes_deaths: 0.
num_space_committed: 1213.
num_space_uncommitted: 0.
num_chunks_returned_to_freelist: 25.
num_chunks_taken_from_freelist: 3837.
num_chunk_merges: 14.
num_chunk_splits: 2537.
num_chunks_enlarged: 1693.
num_purges: 2.

CodeHeap 'non-profiled nmethods': size=120000Kb used=5329Kb max_used=5737Kb free=114671Kb
 bounds [0x00000247bab50000, 0x00000247bb0f0000, 0x00000247c2080000]
CodeHeap 'profiled nmethods': size=120000Kb used=18465Kb max_used=19533Kb free=101534Kb
 bounds [0x00000247b3620000, 0x00000247b4940000, 0x00000247bab50000]
CodeHeap 'non-nmethods': size=5760Kb used=2393Kb max_used=2456Kb free=3366Kb
 bounds [0x00000247b3080000, 0x00000247b32f0000, 0x00000247b3620000]
 total_blobs=10167 nmethods=9264 adapters=815
 compilation: enabled
              stopped_count=0, restarted_count=0
 full_count=0

Compilation events (20 events):
Event: 12.400 Thread 0x00000247c999e590 10455       3       org.gradle.api.internal.file.DefaultFileCollectionFactory$ResolvingFileCollection::visitChildren (31 bytes)
Event: 12.401 Thread 0x00000247c999e590 nmethod 10455 0x00000247b3681510 code [0x00000247b36816e0, 0x00000247b3681ae8]
Event: 12.403 Thread 0x00000247c999e590 10459       3       jdk.internal.misc.Unsafe::allocateMemory (65 bytes)
Event: 12.404 Thread 0x00000247c999e590 nmethod 10459 0x00000247b36b1190 code [0x00000247b36b1440, 0x00000247b36b1ed8]
Event: 12.404 Thread 0x00000247c999e590 10461       3       org.gradle.api.internal.tasks.properties.bean.AbstractNestedRuntimeBeanNode$BeanPropertyValue::call (10 bytes)
Event: 12.404 Thread 0x00000247c999e590 nmethod 10461 0x00000247b36e7310 code [0x00000247b36e74c0, 0x00000247b36e76a8]
Event: 12.410 Thread 0x00000247c999e590 10463       3       org.gradle.internal.serialize.DefaultSerializerRegistry$TaggedTypeSerializer::write (37 bytes)
Event: 12.411 Thread 0x00000247c999e590 nmethod 10463 0x00000247b3913710 code [0x00000247b3913900, 0x00000247b3913dc8]
Event: 12.411 Thread 0x00000247c999e590 10464       3       org.gradle.internal.serialize.DefaultSerializerRegistry$TaggedTypeSerializer::map (110 bytes)
Event: 12.413 Thread 0x00000247c999e590 nmethod 10464 0x00000247b3ac7a10 code [0x00000247b3ac7d80, 0x00000247b3ac9538]
Event: 12.418 Thread 0x00000247c999e590 10466       3       com.sun.org.apache.xerces.internal.util.PropertyState::isExceptional (8 bytes)
Event: 12.418 Thread 0x00000247c999e590 nmethod 10466 0x00000247b375a190 code [0x00000247b375a320, 0x00000247b375a458]
Event: 12.419 Thread 0x00000247c999e590 10467       3       java.lang.invoke.DelegatingMethodHandle::chooseDelegatingForm (24 bytes)
Event: 12.419 Thread 0x00000247c999e590 nmethod 10467 0x00000247b3f1bb10 code [0x00000247b3f1bcc0, 0x00000247b3f1c008]
Event: 12.419 Thread 0x00000247c999e590 10468       3       com.sun.org.apache.xerces.internal.util.URI::isPathCharacter (24 bytes)
Event: 12.419 Thread 0x00000247c999e590 nmethod 10468 0x00000247b3708490 code [0x00000247b3708640, 0x00000247b37087f8]
Event: 12.419 Thread 0x00000247c999e590 10469       3       com.sun.org.apache.xerces.internal.xni.XMLString::<init> (5 bytes)
Event: 12.420 Thread 0x00000247c999e590 nmethod 10469 0x00000247b387bd10 code [0x00000247b387bec0, 0x00000247b387c018]
Event: 12.420 Thread 0x00000247c999e590 10470       3       com.sun.org.apache.xerces.internal.util.FeatureState::isExceptional (8 bytes)
Event: 12.420 Thread 0x00000247c999e590 nmethod 10470 0x00000247b3786310 code [0x00000247b37864a0, 0x00000247b37865d8]

GC Heap History (20 events):
Event: 7.470 GC heap before
{Heap before GC invocations=21 (full 0):
 garbage-first heap   total 125952K, used 99313K [0x0000000080000000, 0x0000000100000000)
  region size 1024K, 40 young (40960K), 5 survivors (5120K)
 Metaspace       used 58581K, committed 59136K, reserved 1105920K
  class space    used 7643K, committed 7936K, reserved 1048576K
}
Event: 7.477 GC heap after
{Heap after GC invocations=22 (full 0):
 garbage-first heap   total 125952K, used 66860K [0x0000000080000000, 0x0000000100000000)
  region size 1024K, 4 young (4096K), 4 survivors (4096K)
 Metaspace       used 58581K, committed 59136K, reserved 1105920K
  class space    used 7643K, committed 7936K, reserved 1048576K
}
Event: 8.074 GC heap before
{Heap before GC invocations=23 (full 0):
 garbage-first heap   total 125952K, used 99628K [0x0000000080000000, 0x0000000100000000)
  region size 1024K, 36 young (36864K), 4 survivors (4096K)
 Metaspace       used 62554K, committed 63104K, reserved 1105920K
  class space    used 8316K, committed 8576K, reserved 1048576K
}
Event: 8.078 GC heap after
{Heap after GC invocations=24 (full 0):
 garbage-first heap   total 125952K, used 68916K [0x0000000080000000, 0x0000000100000000)
  region size 1024K, 3 young (3072K), 3 survivors (3072K)
 Metaspace       used 62554K, committed 63104K, reserved 1105920K
  class space    used 8316K, committed 8576K, reserved 1048576K
}
Event: 8.849 GC heap before
{Heap before GC invocations=24 (full 0):
 garbage-first heap   total 125952K, used 100660K [0x0000000080000000, 0x0000000100000000)
  region size 1024K, 34 young (34816K), 3 survivors (3072K)
 Metaspace       used 65410K, committed 65984K, reserved 1114112K
  class space    used 8741K, committed 9024K, reserved 1048576K
}
Event: 8.857 GC heap after
{Heap after GC invocations=25 (full 0):
 garbage-first heap   total 125952K, used 71165K [0x0000000080000000, 0x0000000100000000)
  region size 1024K, 5 young (5120K), 5 survivors (5120K)
 Metaspace       used 65410K, committed 65984K, reserved 1114112K
  class space    used 8741K, committed 9024K, reserved 1048576K
}
Event: 9.449 GC heap before
{Heap before GC invocations=26 (full 0):
 garbage-first heap   total 130048K, used 101885K [0x0000000080000000, 0x0000000100000000)
  region size 1024K, 35 young (35840K), 5 survivors (5120K)
 Metaspace       used 68865K, committed 69440K, reserved 1114112K
  class space    used 9243K, committed 9536K, reserved 1048576K
}
Event: 9.453 GC heap after
{Heap after GC invocations=27 (full 0):
 garbage-first heap   total 130048K, used 73282K [0x0000000080000000, 0x0000000100000000)
  region size 1024K, 5 young (5120K), 5 survivors (5120K)
 Metaspace       used 68865K, committed 69440K, reserved 1114112K
  class space    used 9243K, committed 9536K, reserved 1048576K
}
Event: 10.250 GC heap before
{Heap before GC invocations=27 (full 0):
 garbage-first heap   total 130048K, used 105026K [0x0000000080000000, 0x0000000100000000)
  region size 1024K, 37 young (37888K), 5 survivors (5120K)
 Metaspace       used 72435K, committed 73024K, reserved 1114112K
  class space    used 9630K, committed 9920K, reserved 1048576K
}
Event: 10.256 GC heap after
{Heap after GC invocations=28 (full 0):
 garbage-first heap   total 130048K, used 77298K [0x0000000080000000, 0x0000000100000000)
  region size 1024K, 5 young (5120K), 5 survivors (5120K)
 Metaspace       used 72435K, committed 73024K, reserved 1114112K
  class space    used 9630K, committed 9920K, reserved 1048576K
}
Event: 11.103 GC heap before
{Heap before GC invocations=29 (full 0):
 garbage-first heap   total 137216K, used 105970K [0x0000000080000000, 0x0000000100000000)
  region size 1024K, 33 young (33792K), 5 survivors (5120K)
 Metaspace       used 75087K, committed 75712K, reserved 1114112K
  class space    used 9922K, committed 10240K, reserved 1048576K
}
Event: 11.110 GC heap after
{Heap after GC invocations=30 (full 0):
 garbage-first heap   total 137216K, used 81020K [0x0000000080000000, 0x0000000100000000)
  region size 1024K, 4 young (4096K), 4 survivors (4096K)
 Metaspace       used 75087K, committed 75712K, reserved 1114112K
  class space    used 9922K, committed 10240K, reserved 1048576K
}
Event: 11.448 GC heap before
{Heap before GC invocations=30 (full 0):
 garbage-first heap   total 137216K, used 110716K [0x0000000080000000, 0x0000000100000000)
  region size 1024K, 33 young (33792K), 4 survivors (4096K)
 Metaspace       used 76115K, committed 76672K, reserved 1122304K
  class space    used 10159K, committed 10432K, reserved 1048576K
}
Event: 11.454 GC heap after
{Heap after GC invocations=31 (full 0):
 garbage-first heap   total 137216K, used 85834K [0x0000000080000000, 0x0000000100000000)
  region size 1024K, 5 young (5120K), 5 survivors (5120K)
 Metaspace       used 76115K, committed 76672K, reserved 1122304K
  class space    used 10159K, committed 10432K, reserved 1048576K
}
Event: 11.670 GC heap before
{Heap before GC invocations=32 (full 0):
 garbage-first heap   total 157696K, used 111434K [0x0000000080000000, 0x0000000100000000)
  region size 1024K, 30 young (30720K), 5 survivors (5120K)
 Metaspace       used 76152K, committed 76800K, reserved 1122304K
  class space    used 10159K, committed 10432K, reserved 1048576K
}
Event: 11.674 GC heap after
{Heap after GC invocations=33 (full 0):
 garbage-first heap   total 157696K, used 86600K [0x0000000080000000, 0x0000000100000000)
  region size 1024K, 3 young (3072K), 3 survivors (3072K)
 Metaspace       used 76152K, committed 76800K, reserved 1122304K
  class space    used 10159K, committed 10432K, reserved 1048576K
}
Event: 11.697 GC heap before
{Heap before GC invocations=33 (full 0):
 garbage-first heap   total 157696K, used 89672K [0x0000000080000000, 0x0000000100000000)
  region size 1024K, 7 young (7168K), 3 survivors (3072K)
 Metaspace       used 76180K, committed 76800K, reserved 1122304K
  class space    used 10161K, committed 10432K, reserved 1048576K
}
Event: 11.706 GC heap after
{Heap after GC invocations=34 (full 0):
 garbage-first heap   total 157696K, used 80648K [0x0000000080000000, 0x0000000100000000)
  region size 1024K, 1 young (1024K), 1 survivors (1024K)
 Metaspace       used 76180K, committed 76800K, reserved 1122304K
  class space    used 10161K, committed 10432K, reserved 1048576K
}
Event: 12.013 GC heap before
{Heap before GC invocations=34 (full 0):
 garbage-first heap   total 157696K, used 122632K [0x0000000080000000, 0x0000000100000000)
  region size 1024K, 43 young (44032K), 1 survivors (1024K)
 Metaspace       used 76463K, committed 77120K, reserved 1122304K
  class space    used 10168K, committed 10496K, reserved 1048576K
}
Event: 12.030 GC heap after
{Heap after GC invocations=35 (full 0):
 garbage-first heap   total 157696K, used 84970K [0x0000000080000000, 0x0000000100000000)
  region size 1024K, 6 young (6144K), 6 survivors (6144K)
 Metaspace       used 76463K, committed 77120K, reserved 1122304K
  class space    used 10168K, committed 10496K, reserved 1048576K
}

Deoptimization events (20 events):
Event: 12.253 Thread 0x00000247cf1fd640 Uncommon trap: trap_request=0xffffff45 fr.pc=0x00000247bb0d1d74 relative=0x0000000000000354
Event: 12.253 Thread 0x00000247cf1fd640 Uncommon trap: reason=unstable_if action=reinterpret pc=0x00000247bb0d1d74 method=java.util.concurrent.ConcurrentLinkedQueue.offer(Ljava/lang/Object;)Z @ 42 c2
Event: 12.253 Thread 0x00000247cf1fd640 DEOPT PACKING pc=0x00000247bb0d1d74 sp=0x000000b870efb840
Event: 12.253 Thread 0x00000247cf1fd640 DEOPT UNPACKING pc=0x00000247b30cf92e sp=0x000000b870efb7e0 mode 2
Event: 12.388 Thread 0x00000247d15b2fa0 Uncommon trap: trap_request=0xffffffde fr.pc=0x00000247bac82d58 relative=0x0000000000001278
Event: 12.388 Thread 0x00000247d15b2fa0 Uncommon trap: reason=class_check action=maybe_recompile pc=0x00000247bac82d58 method=org.gradle.internal.snapshot.ChildMap$Entry.handleAncestorDescendantOrExactMatch(Lorg/gradle/internal/snapshot/VfsRelativePath;Lorg/gradle/internal/snapshot/CaseSensitiv
Event: 12.388 Thread 0x00000247d15b2fa0 DEOPT PACKING pc=0x00000247bac82d58 sp=0x000000b8720fc780
Event: 12.388 Thread 0x00000247d15b2fa0 DEOPT UNPACKING pc=0x00000247b30cf92e sp=0x000000b8720fc758 mode 2
Event: 12.388 Thread 0x00000247d15b2fa0 Uncommon trap: trap_request=0xffffffde fr.pc=0x00000247bac82d58 relative=0x0000000000001278
Event: 12.388 Thread 0x00000247d15b2fa0 Uncommon trap: reason=class_check action=maybe_recompile pc=0x00000247bac82d58 method=org.gradle.internal.snapshot.ChildMap$Entry.handleAncestorDescendantOrExactMatch(Lorg/gradle/internal/snapshot/VfsRelativePath;Lorg/gradle/internal/snapshot/CaseSensitiv
Event: 12.388 Thread 0x00000247d15b2fa0 DEOPT PACKING pc=0x00000247bac82d58 sp=0x000000b8720fc780
Event: 12.388 Thread 0x00000247d15b2fa0 DEOPT UNPACKING pc=0x00000247b30cf92e sp=0x000000b8720fc758 mode 2
Event: 12.388 Thread 0x00000247d15b2fa0 Uncommon trap: trap_request=0xffffffde fr.pc=0x00000247bac82d58 relative=0x0000000000001278
Event: 12.388 Thread 0x00000247d15b2fa0 Uncommon trap: reason=class_check action=maybe_recompile pc=0x00000247bac82d58 method=org.gradle.internal.snapshot.ChildMap$Entry.handleAncestorDescendantOrExactMatch(Lorg/gradle/internal/snapshot/VfsRelativePath;Lorg/gradle/internal/snapshot/CaseSensitiv
Event: 12.388 Thread 0x00000247d15b2fa0 DEOPT PACKING pc=0x00000247bac82d58 sp=0x000000b8720fc780
Event: 12.388 Thread 0x00000247d15b2fa0 DEOPT UNPACKING pc=0x00000247b30cf92e sp=0x000000b8720fc758 mode 2
Event: 12.418 Thread 0x00000247d15b2fa0 Uncommon trap: trap_request=0xffffff45 fr.pc=0x00000247bac2b3b4 relative=0x0000000000000094
Event: 12.418 Thread 0x00000247d15b2fa0 Uncommon trap: reason=unstable_if action=reinterpret pc=0x00000247bac2b3b4 method=java.lang.CharacterDataLatin1.digit(II)I @ 7 c2
Event: 12.418 Thread 0x00000247d15b2fa0 DEOPT PACKING pc=0x00000247bac2b3b4 sp=0x000000b8720fc020
Event: 12.418 Thread 0x00000247d15b2fa0 DEOPT UNPACKING pc=0x00000247b30cf92e sp=0x000000b8720fbfa0 mode 2

Classes unloaded (7 events):
Event: 12.103 Thread 0x00000247c9979b50 Unloading class 0x0000000801615c00 'java/lang/invoke/LambdaForm$DMH+0x0000000801615c00'
Event: 12.103 Thread 0x00000247c9979b50 Unloading class 0x0000000801615800 'java/lang/invoke/LambdaForm$DMH+0x0000000801615800'
Event: 12.103 Thread 0x00000247c9979b50 Unloading class 0x0000000801615400 'java/lang/invoke/LambdaForm$DMH+0x0000000801615400'
Event: 12.103 Thread 0x00000247c9979b50 Unloading class 0x0000000801615000 'java/lang/invoke/LambdaForm$DMH+0x0000000801615000'
Event: 12.103 Thread 0x00000247c9979b50 Unloading class 0x0000000801614c00 'java/lang/invoke/LambdaForm$DMH+0x0000000801614c00'
Event: 12.103 Thread 0x00000247c9979b50 Unloading class 0x0000000801614400 'java/lang/invoke/LambdaForm$DMH+0x0000000801614400'
Event: 12.103 Thread 0x00000247c9979b50 Unloading class 0x0000000801614000 'java/lang/invoke/LambdaForm$DMH+0x0000000801614000'

Classes redefined (0 events):
No events

Internal exceptions (20 events):
Event: 10.467 Thread 0x00000247cb8fb1e0 Exception <a 'java/lang/NoSuchMethodError'{0x0000000087fc3e80}: static Lorg/gradle/internal/build/event/types/DefaultTaskDescriptor;.<clinit>()V> (0x0000000087fc3e80) 
thrown [t:\workspace\open\src\hotspot\share\prims\jni.cpp, line 1210]
Event: 10.471 Thread 0x00000247cb8fb1e0 Exception <a 'java/lang/NoSuchMethodError'{0x0000000087ff0920}: static Lorg/gradle/internal/build/event/types/DefaultTaskFinishedProgressEvent;.<clinit>()V> (0x0000000087ff0920) 
thrown [t:\workspace\open\src\hotspot\share\prims\jni.cpp, line 1210]
Event: 10.472 Thread 0x00000247cb8fb1e0 Exception <a 'java/lang/NoSuchMethodError'{0x0000000087e03248}: static Lorg/gradle/internal/build/event/types/DefaultTaskSuccessResult;.<clinit>()V> (0x0000000087e03248) 
thrown [t:\workspace\open\src\hotspot\share\prims\jni.cpp, line 1210]
Event: 10.473 Thread 0x00000247cb8fb1e0 Exception <a 'java/lang/NoSuchMethodError'{0x0000000087e21538}: static Lorg/gradle/internal/build/event/types/AbstractTaskResult;.<clinit>()V> (0x0000000087e21538) 
thrown [t:\workspace\open\src\hotspot\share\prims\jni.cpp, line 1210]
Event: 10.490 Thread 0x00000247d15ad550 Exception <a 'java/lang/NoSuchMethodError'{0x0000000087d13a30}: static Lcom/android/ide/common/attribution/AndroidGradlePluginAttributionData$BuildInfo;.<clinit>()V> (0x0000000087d13a30) 
thrown [t:\workspace\open\src\hotspot\share\prims\jni.cpp, line 1210]
Event: 10.497 Thread 0x00000247d15ad550 Exception <a 'java/lang/NoSuchMethodError'{0x0000000087d6d488}: static Lcom/android/ide/common/attribution/AndroidGradlePluginAttributionData$JavaInfo;.<clinit>()V> (0x0000000087d6d488) 
thrown [t:\workspace\open\src\hotspot\share\prims\jni.cpp, line 1210]
Event: 10.499 Thread 0x00000247d15ad550 Exception <a 'java/lang/NoSuchMethodError'{0x0000000087db17f8}: static [Ljava/lang/String;.<clinit>()V> (0x0000000087db17f8) 
thrown [t:\workspace\open\src\hotspot\share\prims\jni.cpp, line 1210]
Event: 10.587 Thread 0x00000247cb8fb1e0 Exception <a 'java/lang/NoSuchMethodError'{0x000000008787db30}: static Lorg/gradle/internal/build/event/types/DefaultTaskSkippedResult;.<clinit>()V> (0x000000008787db30) 
thrown [t:\workspace\open\src\hotspot\share\prims\jni.cpp, line 1210]
Event: 11.133 Thread 0x00000247cf1f76a0 Implicit null exception at 0x00000247bb007af2 to 0x00000247bb008270
Event: 11.163 Thread 0x00000247cf1fe630 Exception <a 'java/lang/NoSuchMethodError'{0x00000000880356a8}: 'java.lang.Object java.lang.invoke.DirectMethodHandle$Holder.invokeSpecialIFC(java.lang.Object, java.lang.Object, java.lang.Object)'> (0x00000000880356a8) 
thrown [t:\workspace\open\src\hotspot\share\interpreter\linkResolver.cpp, line 790]
Event: 11.163 Thread 0x00000247cf1fe0e0 Exception <a 'java/lang/NoSuchMethodError'{0x00000000880272a8}: 'java.lang.Object java.lang.invoke.DirectMethodHandle$Holder.invokeSpecialIFC(java.lang.Object, java.lang.Object, java.lang.Object)'> (0x00000000880272a8) 
thrown [t:\workspace\open\src\hotspot\share\interpreter\linkResolver.cpp, line 790]
Event: 11.163 Thread 0x00000247cf1f76a0 Exception <a 'java/lang/NoSuchMethodError'{0x000000008804e720}: 'java.lang.Object java.lang.invoke.DirectMethodHandle$Holder.invokeSpecialIFC(java.lang.Object, java.lang.Object, java.lang.Object)'> (0x000000008804e720) 
thrown [t:\workspace\open\src\hotspot\share\interpreter\linkResolver.cpp, line 790]
Event: 11.163 Thread 0x00000247cf1fd0f0 Exception <a 'java/lang/NoSuchMethodError'{0x0000000088076658}: 'java.lang.Object java.lang.invoke.DirectMethodHandle$Holder.invokeSpecialIFC(java.lang.Object, java.lang.Object, java.lang.Object)'> (0x0000000088076658) 
thrown [t:\workspace\open\src\hotspot\share\interpreter\linkResolver.cpp, line 790]
Event: 11.163 Thread 0x00000247cf1fc650 Exception <a 'java/lang/NoSuchMethodError'{0x000000008807fdc8}: 'java.lang.Object java.lang.invoke.DirectMethodHandle$Holder.invokeSpecialIFC(java.lang.Object, java.lang.Object, java.lang.Object)'> (0x000000008807fdc8) 
thrown [t:\workspace\open\src\hotspot\share\interpreter\linkResolver.cpp, line 790]
Event: 11.163 Thread 0x00000247cf1fd640 Exception <a 'java/lang/NoSuchMethodError'{0x0000000088042140}: 'java.lang.Object java.lang.invoke.DirectMethodHandle$Holder.invokeSpecialIFC(java.lang.Object, java.lang.Object, java.lang.Object)'> (0x0000000088042140) 
thrown [t:\workspace\open\src\hotspot\share\interpreter\linkResolver.cpp, line 790]
Event: 11.163 Thread 0x00000247cf1f8140 Exception <a 'java/lang/NoSuchMethodError'{0x000000008805a870}: 'java.lang.Object java.lang.invoke.DirectMethodHandle$Holder.invokeSpecialIFC(java.lang.Object, java.lang.Object, java.lang.Object)'> (0x000000008805a870) 
thrown [t:\workspace\open\src\hotspot\share\interpreter\linkResolver.cpp, line 790]
Event: 11.163 Thread 0x00000247cf1fc100 Exception <a 'java/lang/NoSuchMethodError'{0x0000000088065868}: 'java.lang.Object java.lang.invoke.DirectMethodHandle$Holder.invokeSpecialIFC(java.lang.Object, java.lang.Object, java.lang.Object)'> (0x0000000088065868) 
thrown [t:\workspace\open\src\hotspot\share\interpreter\linkResolver.cpp, line 790]
Event: 11.207 Thread 0x00000247cf1fe630 Exception <a 'java/lang/NoSuchMethodError'{0x0000000087c5b8e8}: 'int java.lang.invoke.DirectMethodHandle$Holder.invokeStaticInit(java.lang.Object, java.lang.Object, java.lang.Object, java.lang.Object, java.lang.Object)'> (0x0000000087c5b8e8) 
thrown [t:\workspace\open\src\hotspot\share\interpreter\linkResolver.cpp, line 790]
Event: 11.773 Thread 0x00000247cf1f76a0 Exception <a 'java/lang/NoSuchMethodError'{0x00000000890bd368}: 'void java.lang.invoke.DirectMethodHandle$Holder.invokeVirtual(java.lang.Object, java.lang.Object)'> (0x00000000890bd368) 
thrown [t:\workspace\open\src\hotspot\share\interpreter\linkResolver.cpp, line 790]
Event: 11.996 Thread 0x00000247d15ac560 Exception <a 'java/lang/IncompatibleClassChangeError'{0x00000000875d4440}: Found class java.lang.Object, but interface was expected> (0x00000000875d4440) 
thrown [t:\workspace\open\src\hotspot\share\interpreter\linkResolver.cpp, line 857]

Events (20 events):
Event: 12.315 Thread 0x00000247c99a1600 flushing nmethod 0x00000247b421a990
Event: 12.315 Thread 0x00000247c99a1600 flushing nmethod 0x00000247b4242190
Event: 12.315 Thread 0x00000247c99a1600 flushing nmethod 0x00000247b4242d10
Event: 12.315 Thread 0x00000247c99a1600 flushing nmethod 0x00000247b4250e90
Event: 12.315 Thread 0x00000247c99a1600 flushing nmethod 0x00000247b425f810
Event: 12.315 Thread 0x00000247c99a1600 flushing nmethod 0x00000247b428ff10
Event: 12.315 Thread 0x00000247c99a1600 flushing nmethod 0x00000247b4291810
Event: 12.315 Thread 0x00000247c99a1600 flushing nmethod 0x00000247b42a7290
Event: 12.315 Thread 0x00000247c99a1600 flushing nmethod 0x00000247b42ad210
Event: 12.316 Thread 0x00000247c99a1600 flushing nmethod 0x00000247b42fda10
Event: 12.316 Thread 0x00000247c99a1600 flushing nmethod 0x00000247b4309390
Event: 12.316 Thread 0x00000247c99a1600 flushing nmethod 0x00000247b430f710
Event: 12.316 Thread 0x00000247c99a1600 flushing nmethod 0x00000247b4338490
Event: 12.316 Thread 0x00000247c99a1600 flushing nmethod 0x00000247b4338990
Event: 12.359 Executing  VM operation: HandshakeAllThreads
Event: 12.359 Executing  VM operation: HandshakeAllThreads done
Event: 12.370 Executing  VM operation: HandshakeAllThreads
Event: 12.370 Executing  VM operation: HandshakeAllThreads done
Event: 12.418 loading class com/sun/org/apache/xerces/internal/util/URI$MalformedURIException
Event: 12.418 loading class com/sun/org/apache/xerces/internal/util/URI$MalformedURIException done


Dynamic libraries:
0x00007ff7ac730000 - 0x00007ff7ac73e000 	C:\Users\55119\.jdks\openjdk-16.0.2\bin\java.exe
0x00007ffb89be0000 - 0x00007ffb89de9000 	C:\WINDOWS\SYSTEM32\ntdll.dll
0x00007ffb87b20000 - 0x00007ffb87bdd000 	C:\WINDOWS\System32\KERNEL32.DLL
0x00007ffb87230000 - 0x00007ffb875a9000 	C:\WINDOWS\System32\KERNELBASE.dll
0x00007ffb877f0000 - 0x00007ffb87901000 	C:\WINDOWS\System32\ucrtbase.dll
0x00007ffb7be50000 - 0x00007ffb7be68000 	C:\Users\55119\.jdks\openjdk-16.0.2\bin\jli.dll
0x00007ffb7be30000 - 0x00007ffb7be49000 	C:\Users\55119\.jdks\openjdk-16.0.2\bin\VCRUNTIME140.dll
0x00007ffb888c0000 - 0x00007ffb88a6c000 	C:\WINDOWS\System32\USER32.dll
0x00007ffb876a0000 - 0x00007ffb876c6000 	C:\WINDOWS\System32\win32u.dll
0x00007ffb897b0000 - 0x00007ffb897d9000 	C:\WINDOWS\System32\GDI32.dll
0x00007ffb79040000 - 0x00007ffb792e5000 	C:\WINDOWS\WinSxS\amd64_microsoft.windows.common-controls_6595b64144ccf1df_6.0.22000.120_none_9d947278b86cc467\COMCTL32.dll
0x00007ffb876d0000 - 0x00007ffb877e2000 	C:\WINDOWS\System32\gdi32full.dll
0x00007ffb89700000 - 0x00007ffb897a3000 	C:\WINDOWS\System32\msvcrt.dll
0x00007ffb87190000 - 0x00007ffb8722d000 	C:\WINDOWS\System32\msvcp_win.dll
0x00007ffb87ae0000 - 0x00007ffb87b11000 	C:\WINDOWS\System32\IMM32.DLL
0x00007ffb81310000 - 0x00007ffb8131c000 	C:\Users\55119\.jdks\openjdk-16.0.2\bin\vcruntime140_1.dll
0x00007ffb67230000 - 0x00007ffb672c1000 	C:\Users\55119\.jdks\openjdk-16.0.2\bin\msvcp140.dll
0x00007ffb38a10000 - 0x00007ffb395bb000 	C:\Users\55119\.jdks\openjdk-16.0.2\bin\server\jvm.dll
0x00007ffb88500000 - 0x00007ffb885ae000 	C:\WINDOWS\System32\ADVAPI32.dll
0x00007ffb87be0000 - 0x00007ffb87c7e000 	C:\WINDOWS\System32\sechost.dll
0x00007ffb887a0000 - 0x00007ffb888c0000 	C:\WINDOWS\System32\RPCRT4.dll
0x00007ffb88100000 - 0x00007ffb88108000 	C:\WINDOWS\System32\PSAPI.DLL
0x00007ffb80b50000 - 0x00007ffb80b59000 	C:\WINDOWS\SYSTEM32\WSOCK32.dll
0x00007ffb7da80000 - 0x00007ffb7dab3000 	C:\WINDOWS\SYSTEM32\WINMM.dll
0x00007ffb7cd20000 - 0x00007ffb7cd2a000 	C:\WINDOWS\SYSTEM32\VERSION.dll
0x00007ffb88090000 - 0x00007ffb880ff000 	C:\WINDOWS\System32\WS2_32.dll
0x00007ffb862c0000 - 0x00007ffb862d8000 	C:\WINDOWS\SYSTEM32\kernel.appcore.dll
0x00007ffb80c90000 - 0x00007ffb80c9a000 	C:\Users\55119\.jdks\openjdk-16.0.2\bin\jimage.dll
0x00007ffb84c00000 - 0x00007ffb84e21000 	C:\WINDOWS\SYSTEM32\DBGHELP.DLL
0x00007ffb6c000000 - 0x00007ffb6c031000 	C:\WINDOWS\SYSTEM32\dbgcore.DLL
0x00007ffb875b0000 - 0x00007ffb8762f000 	C:\WINDOWS\System32\bcryptPrimitives.dll
0x00007ffb7be00000 - 0x00007ffb7be25000 	C:\Users\55119\.jdks\openjdk-16.0.2\bin\java.dll
0x00007ffb88ae0000 - 0x00007ffb8928f000 	C:\WINDOWS\System32\SHELL32.dll
0x00007ffb85240000 - 0x00007ffb85aa8000 	C:\WINDOWS\SYSTEM32\windows.storage.dll
0x00007ffb87c80000 - 0x00007ffb87ff8000 	C:\WINDOWS\System32\combase.dll
0x00007ffb850d0000 - 0x00007ffb85236000 	C:\WINDOWS\SYSTEM32\wintypes.dll
0x00007ffb88110000 - 0x00007ffb881fa000 	C:\WINDOWS\System32\SHCORE.dll
0x00007ffb89880000 - 0x00007ffb898dd000 	C:\WINDOWS\System32\shlwapi.dll
0x00007ffb87000000 - 0x00007ffb87021000 	C:\WINDOWS\SYSTEM32\profapi.dll
0x00007ffb7aeb0000 - 0x00007ffb7aec9000 	C:\Users\55119\.jdks\openjdk-16.0.2\bin\net.dll
0x00007ffb7f470000 - 0x00007ffb7f57c000 	C:\WINDOWS\SYSTEM32\WINHTTP.dll
0x00007ffb866f0000 - 0x00007ffb86757000 	C:\WINDOWS\system32\mswsock.dll
0x00007ffb7ae90000 - 0x00007ffb7aea3000 	C:\Users\55119\.jdks\openjdk-16.0.2\bin\nio.dll
0x00007ffb7ae70000 - 0x00007ffb7ae88000 	C:\Users\55119\.jdks\openjdk-16.0.2\bin\zip.dll
0x00007ffb80c70000 - 0x00007ffb80c80000 	C:\Users\55119\.jdks\openjdk-16.0.2\bin\verify.dll
0x00007ffb69ec0000 - 0x00007ffb69ee7000 	C:\Users\55119\.gradle\native\8bec1ad78214c89d9ad589b4d07fe93259594b29d510b10fafb7a158f7737e5d\windows-amd64\native-platform.dll
0x00007ffb68680000 - 0x00007ffb687bd000 	C:\Users\55119\.gradle\native\53dbd7edfb1c66fb8903c78663c9afc45aea4f116125fa6feffd364cf09443e8\windows-amd64\native-platform-file-events.dll
0x00007ffb7eb40000 - 0x00007ffb7eb49000 	C:\Users\55119\.jdks\openjdk-16.0.2\bin\management.dll
0x00007ffb7ae60000 - 0x00007ffb7ae6b000 	C:\Users\55119\.jdks\openjdk-16.0.2\bin\management_ext.dll
0x00007ffb86930000 - 0x00007ffb86948000 	C:\WINDOWS\SYSTEM32\CRYPTSP.dll
0x00007ffb861b0000 - 0x00007ffb861e5000 	C:\WINDOWS\system32\rsaenh.dll
0x00007ffb867e0000 - 0x00007ffb86809000 	C:\WINDOWS\SYSTEM32\USERENV.dll
0x00007ffb86ab0000 - 0x00007ffb86ad7000 	C:\WINDOWS\SYSTEM32\bcrypt.dll
0x00007ffb86950000 - 0x00007ffb8695c000 	C:\WINDOWS\SYSTEM32\CRYPTBASE.dll
0x00007ffb85cf0000 - 0x00007ffb85d1d000 	C:\WINDOWS\SYSTEM32\IPHLPAPI.DLL
0x00007ffb88a70000 - 0x00007ffb88a79000 	C:\WINDOWS\System32\NSI.dll
0x00007ffb7dac0000 - 0x00007ffb7dad9000 	C:\WINDOWS\SYSTEM32\dhcpcsvc6.DLL
0x00007ffb7e4a0000 - 0x00007ffb7e4be000 	C:\WINDOWS\SYSTEM32\dhcpcsvc.DLL
0x00007ffb85d20000 - 0x00007ffb85e08000 	C:\WINDOWS\SYSTEM32\DNSAPI.dll
0x00007ffb7ae50000 - 0x00007ffb7ae5e000 	C:\Users\55119\.jdks\openjdk-16.0.2\bin\sunmscapi.dll
0x00007ffb87910000 - 0x00007ffb87a72000 	C:\WINDOWS\System32\CRYPT32.dll
0x00007ffb86a80000 - 0x00007ffb86aa8000 	C:\WINDOWS\SYSTEM32\ncrypt.dll
0x00007ffb86a40000 - 0x00007ffb86a77000 	C:\WINDOWS\SYSTEM32\NTASN1.dll
0x00007ffb6eae0000 - 0x00007ffb6eae8000 	C:\WINDOWS\system32\wshunix.dll

dbghelp: loaded successfully - version: 4.0.5 - missing functions: none
symbol engine: initialized successfully - sym options: 0x614 - pdb path: .;C:\Users\55119\.jdks\openjdk-16.0.2\bin;C:\WINDOWS\SYSTEM32;C:\WINDOWS\WinSxS\amd64_microsoft.windows.common-controls_6595b64144ccf1df_6.0.22000.120_none_9d947278b86cc467;C:\Users\55119\.jdks\openjdk-16.0.2\bin\server;C:\Users\55119\.gradle\native\8bec1ad78214c89d9ad589b4d07fe93259594b29d510b10fafb7a158f7737e5d\windows-amd64;C:\Users\55119\.gradle\native\53dbd7edfb1c66fb8903c78663c9afc45aea4f116125fa6feffd364cf09443e8\windows-amd64

VM Arguments:
jvm_args: --add-opens=java.base/java.util=ALL-UNNAMED --add-opens=java.base/java.lang=ALL-UNNAMED --add-opens=java.base/java.lang.invoke=ALL-UNNAMED --add-opens=java.base/java.util=ALL-UNNAMED --add-opens=java.prefs/java.util.prefs=ALL-UNNAMED --add-opens=java.prefs/java.util.prefs=ALL-UNNAMED --add-opens=java.base/java.nio.charset=ALL-UNNAMED --add-opens=java.base/java.net=ALL-UNNAMED --add-opens=java.base/java.util.concurrent.atomic=ALL-UNNAMED -Xmx2048m -Dfile.encoding=UTF-8 -Duser.country=BR -Duser.language=pt -Duser.variant 
java_command: org.gradle.launcher.daemon.bootstrap.GradleDaemon 7.0.2
java_class_path (initial): C:\Users\55119\.gradle\wrapper\dists\gradle-7.0.2-bin\857tjihv64xamwrf0h14cai3r\gradle-7.0.2\lib\gradle-launcher-7.0.2.jar
Launcher Type: SUN_STANDARD

[Global flags]
     intx CICompilerCount                          = 4                                         {product} {ergonomic}
     uint ConcGCThreads                            = 2                                         {product} {ergonomic}
     uint G1ConcRefinementThreads                  = 8                                         {product} {ergonomic}
   size_t G1HeapRegionSize                         = 1048576                                   {product} {ergonomic}
    uintx GCDrainStackTargetSize                   = 64                                        {product} {ergonomic}
   size_t InitialHeapSize                          = 130023424                                 {product} {ergonomic}
   size_t MarkStackSize                            = 4194304                                   {product} {ergonomic}
   size_t MaxHeapSize                              = 2147483648                                {product} {command line}
   size_t MaxNewSize                               = 1287651328                                {product} {ergonomic}
   size_t MinHeapDeltaBytes                        = 1048576                                   {product} {ergonomic}
   size_t MinHeapSize                              = 8388608                                   {product} {ergonomic}
    uintx NonNMethodCodeHeapSize                   = 5839372                                {pd product} {ergonomic}
    uintx NonProfiledCodeHeapSize                  = 122909434                              {pd product} {ergonomic}
    uintx ProfiledCodeHeapSize                     = 122909434                              {pd product} {ergonomic}
    uintx ReservedCodeCacheSize                    = 251658240                              {pd product} {ergonomic}
     bool SegmentedCodeCache                       = true                                      {product} {ergonomic}
   size_t SoftMaxHeapSize                          = 2147483648                             {manageable} {ergonomic}
     bool UseCompressedClassPointers               = true                           {product lp64_product} {ergonomic}
     bool UseCompressedOops                        = true                           {product lp64_product} {ergonomic}
     bool UseG1GC                                  = true                                      {product} {ergonomic}
     bool UseLargePagesIndividualAllocation        = false                                  {pd product} {ergonomic}

Logging:
Log output configuration:
 #0: stdout all=warning uptime,level,tags
 #1: stderr all=off uptime,level,tags

Environment Variables:
PATH=C:\Program Files\Common Files\Oracle\Java\javapath;C:\WINDOWS\system32;C:\WINDOWS;C:\WINDOWS\System32\Wbem;C:\WINDOWS\System32\WindowsPowerShell\v1.0\;C:\WINDOWS\System32\OpenSSH\;C:\Program Files\Git\cmd;C:\Program Files\dotnet\;C:\Program Files\Microsoft SQL Server\150\Tools\Binn\;C:\ProgramData\UNIVALI\Portugol Studio;C:\Users\55119\AppData\Local\Microsoft\WindowsApps;;C:\Users\55119\AppData\Local\Programs\Microsoft VS Code\bin;C:\Users\55119\.dotnet\tools
USERNAME=55119
OS=Windows_NT
PROCESSOR_IDENTIFIER=Intel64 Family 6 Model 140 Stepping 1, GenuineIntel



---------------  S Y S T E M  ---------------

OS:
 Windows 10 , 64 bit Build 22000 (10.0.22000.675)
OS uptime: 10 days 5:20 hours

CPU: total 8 (initial active 8) (4 cores per cpu, 2 threads per core) family 6 model 140 stepping 1 microcode 0x8a, cx8, cmov, fxsr, ht, mmx, 3dnowpref, sse, sse2, sse3, ssse3, sse4.1, sse4.2, popcnt, lzcnt, tsc, tscinvbit, avx, avx2, aes, erms, clmul, bmi1, bmi2, adx, avx512f, avx512dq, avx512cd, avx512bw, avx512vl, sha, fma, vzeroupper, avx512_vpopcntdq, avx512_vpclmulqdq, avx512_vaes, avx512_vnni, clflush, clflushopt, clwb, avx512_vmbi2, avx512_vmbi

Memory: 4k page, system-wide physical 7915M (409M free)
TotalPageFile size 32491M (AvailPageFile size 5M)
current process WorkingSet (physical memory assigned to process): 400M, peak: 400M
current process commit charge ("private bytes"): 440M, peak: 484M

vm_info: OpenJDK 64-Bit Server VM (16.0.2+7-67) for windows-amd64 JRE (16.0.2+7-67), built on Jun  8 2021 23:21:43 by "mach5one" with MS VC++ 16.7 (VS2019)

END.
